#
# A fatal error has been detected by the Java Runtime Environment:
#
#  SIGBUS (0xa) at pc=0x0000000106495bb1, pid=2682, tid=0x0000000000002003
#
# JRE version: OpenJDK Runtime Environment (8.0_212) (build 1.8.0_212-release-1586-b4-5784211)
# Java VM: OpenJDK 64-Bit Server VM (25.212-b4-5784211 mixed mode bsd-amd64 compressed oops)
# Problematic frame:
# V  [libjvm.dylib+0x495bb1]
#
# Failed to write core dump. Core dumps have been disabled. To enable core dumping, try "ulimit -c unlimited" before starting Java again
#
# If you would like to submit a bug report, please visit:
#   http://bugreport.java.com/bugreport/crash.jsp
#

---------------  T H R E A D  ---------------

Current thread (0x00007fe262810000):  GCTaskThread [stack: 0x000070000f47b000,0x000070000f57b000] [id=8195]

siginfo: si_signo: 10 (SIGBUS), si_code: 2 (BUS_ADRERR), si_addr: 0x00000007e073ee40

Registers:
RAX=0x00000000fc0e7dc8, RBX=0x00000007611279d4, RCX=0x0000000000000003, RDX=0x0000000000000000
RSP=0x000070000f57ad20, RBP=0x000070000f57ad40, RSI=0x00000007e073ee40, RDI=0x00007fe262835b80
R8 =0x000000010680ade8, R9 =0x0000000000000002, R10=0x00007fe26250e368, R11=0x000000000bf27c98
R12=0x00007fe262835b80, R13=0x00000001068210c8, R14=0x00007fe262835b80, R15=0x00000007c050c368
RIP=0x0000000106495bb1, EFLAGS=0x0000000000010202, ERR=0x0000000000000004
  TRAPNO=0x000000000000000e

Top of Stack: (sp=0x000070000f57ad20)
0x000070000f57ad20:   00000007610efd9c 0000000000000240
0x000070000f57ad30:   00000007611279d4 00000007611279d4
0x000070000f57ad40:   000070000f57ada0 000000010629ce29
0x000070000f57ad50:   000070000f57ada0 00000001062a5b22
0x000070000f57ad60:   00000007c050c368 00000007611279c8
0x000070000f57ad70:   00000007611279c4 0000000000000240
0x000070000f57ad80:   0000000761127a00 0000000107277981
0x000070000f57ad90:   00000007611279c8 000000010727793d
0x000070000f57ada0:   000070000f57ae50 000000010613bd2f
0x000070000f57adb0:   0000000000000000 0000000107277980
0x000070000f57adc0:   0000000107277901 0000000107277980
0x000070000f57add0:   0000000107277800 0000000000000200
0x000070000f57ade0:   0000000107286936 0000000762f26c08
0x000070000f57adf0:   0000000000000100 00007fe262835b80
0x000070000f57ae00:   0000000761126eb0 0000000761130048
0x000070000f57ae10:   0000000107286937 00007fe26250df50
0x000070000f57ae20:   00007fe26250e1d0 00007fe262516540
0x000070000f57ae30:   00007fe262516540 00000001065c9c46
0x000070000f57ae40:   00007fe262835b80 0000000000000001
0x000070000f57ae50:   000070000f57ae80 0000000106498139
0x000070000f57ae60:   00007fe200000004 00007fe268e83d20
0x000070000f57ae70:   00007fe262810000 0000000000000000
0x000070000f57ae80:   000070000f57af60 00000001062580d1
0x000070000f57ae90:   000000010681bbd8 00007fe262810000
0x000070000f57aea0:   00007fe262513ba0 00007fe262513be0
0x000070000f57aeb0:   00007fe262513bf0 00007fe262513cc8
0x000070000f57aec0:   00000000000000d8 00007fe262513de0
0x000070000f57aed0:   00007fe262810000 00007fe262513ba0
0x000070000f57aee0:   00007fe262513be0 00007fe262513bf0
0x000070000f57aef0:   00007fe262513cc8 00000000000000d8
0x000070000f57af00:   000070000f57ae98 00007fe262513780
0x000070000f57af10:   00007fe2625137b0 00007fe2625137c0 

Instructions: (pc=0x0000000106495bb1)
0x0000000106495b91:   f6 0f 84 1d 01 00 00 48 89 f3 49 89 fe 8b 36 4c
0x0000000106495ba1:   8d 05 41 52 37 00 49 8b 10 41 8b 48 08 48 d3 e6
0x0000000106495bb1:   48 8b 3c 16 83 e7 03 b8 03 00 00 00 48 39 c7 75
0x0000000106495bc1:   62 48 8b 04 32 4c 8d 0d c5 4f 36 00 89 c7 83 e7 

Register to memory mapping:

RAX=0x00000000fc0e7dc8 is an unknown value
RBX=0x00000007611279d4 is pointing into object: 0x00000007611279c8
org.gradle.api.internal.tasks.properties.DefaultTypeMetadataStore$DefaultPropertyMetadata 
 - klass: 'org/gradle/api/internal/tasks/properties/DefaultTypeMetadataStore$DefaultPropertyMetadata'
RCX=0x0000000000000003 is an unknown value
RDX=0x0000000000000000 is an unknown value
RSP=0x000070000f57ad20 is an unknown value
RBP=0x000070000f57ad40 is an unknown value
RSI=0x00000007e073ee40 is an unknown value
RDI=0x00007fe262835b80 is an unknown value
R8 =0x000000010680ade8: _ZN8Universe11_narrow_oopE+0 in /Applications/Android Studio.app/Contents/jre/jdk/Contents/Home/jre/lib/server/libjvm.dylib at 0x0000000106000000
R9 =0x0000000000000002 is an unknown value
R10=0x00007fe26250e368 is an unknown value
R11=0x000000000bf27c98 is an unknown value
R12=0x00007fe262835b80 is an unknown value
R13=0x00000001068210c8: _ZN10PSScavenge37_young_generation_boundary_compressedE+0 in /Applications/Android Studio.app/Contents/jre/jdk/Contents/Home/jre/lib/server/libjvm.dylib at 0x0000000106000000
R14=0x00007fe262835b80 is an unknown value
R15=0x00000007c050c368 is pointing into metadata


Stack: [0x000070000f47b000,0x000070000f57b000],  sp=0x000070000f57ad20,  free space=1023k
Native frames: (J=compiled Java code, j=interpreted, Vv=VM code, C=native code)
V  [libjvm.dylib+0x495bb1]
V  [libjvm.dylib+0x29ce29]
V  [libjvm.dylib+0x13bd2f]
V  [libjvm.dylib+0x498139]
V  [libjvm.dylib+0x2580d1]
V  [libjvm.dylib+0x4562e3]
C  [libsystem_pthread.dylib+0x6109]  _pthread_start+0x94
C  [libsystem_pthread.dylib+0x1b8b]  thread_start+0xf


---------------  P R O C E S S  ---------------

Java Threads: ( => current thread )
  0x00007fe266475800 JavaThread "Cache worker for Build Output Cleanup Cache (/Users/mac/GuessGame/TabletApplication/.gradle/buildOutputCleanup)" [_thread_blocked, id=39439, stack(0x00007000115e1000,0x00007000116e1000)]
  0x00007fe262fdb000 JavaThread "Build operations Thread 4" [_thread_blocked, id=21775, stack(0x00007000114de000,0x00007000115de000)]
  0x00007fe263942800 JavaThread "Build operations Thread 3" [_thread_blocked, id=40979, stack(0x00007000113db000,0x00007000114db000)]
  0x00007fe263942000 JavaThread "Build operations Thread 2" [_thread_blocked, id=25615, stack(0x00007000112d8000,0x00007000113d8000)]
  0x00007fe26451f800 JavaThread "Build operations" [_thread_blocked, id=41743, stack(0x00007000111d5000,0x00007000112d5000)]
  0x00007fe265fd8000 JavaThread "Cache worker for cache directory md-rule (/Users/mac/.gradle/caches/5.6.4/md-rule)" [_thread_blocked, id=24847, stack(0x0000700010fcf000,0x00007000110cf000)]
  0x00007fe265f85800 JavaThread "Cache worker for cache directory md-supplier (/Users/mac/.gradle/caches/5.6.4/md-supplier)" [_thread_blocked, id=43023, stack(0x0000700010ecc000,0x0000700010fcc000)]
  0x00007fe2630c1800 JavaThread "Cache worker for file hash cache (/Users/mac/GuessGame/TabletApplication/.gradle/5.6.4/fileHashes)" [_thread_blocked, id=17423, stack(0x0000700010dc9000,0x0000700010ec9000)]
  0x00007fe2630c1000 JavaThread "Thread-76" [_thread_blocked, id=27407, stack(0x00007000109bd000,0x0000700010abd000)]
  0x00007fe264197000 JavaThread "Stdin handler" [_thread_blocked, id=36619, stack(0x00007000108ba000,0x00007000109ba000)]
  0x00007fe2630c0000 JavaThread "Asynchronous log dispatcher for DefaultDaemonConnection: socket connection from /127.0.0.1:57071 to /127.0.0.1:59937" [_thread_blocked, id=28939, stack(0x00007000107b7000,0x00007000108b7000)]
  0x00007fe2630bf800 JavaThread "Daemon worker Thread 3" [_thread_blocked, id=22027, stack(0x00007000106b4000,0x00007000107b4000)]
  0x00007fe263940800 JavaThread "Cancel handler" [_thread_blocked, id=22547, stack(0x00007000105b1000,0x00007000106b1000)]
  0x00007fe262fd6800 JavaThread "Handler for socket connection from /127.0.0.1:57071 to /127.0.0.1:59937" [_thread_in_native, id=36875, stack(0x00007000104ae000,0x00007000105ae000)]
  0x00007fe263670000 JavaThread "Daemon Thread 3" [_thread_blocked, id=17163, stack(0x00007000103ab000,0x00007000104ab000)]
  0x00007fe262a71000 JavaThread "Cache worker for file content cache (/Users/mac/.gradle/caches/5.6.4/fileContent)" [_thread_blocked, id=26371, stack(0x00007000117e7000,0x00007000118e7000)]
  0x00007fe262f56800 JavaThread "Memory manager" [_thread_blocked, id=26115, stack(0x00007000116e4000,0x00007000117e4000)]
  0x00007fe268858000 JavaThread "Cache worker for execution history cache (/Users/mac/.gradle/caches/5.6.4/executionHistory)" [_thread_blocked, id=40707, stack(0x00007000110d2000,0x00007000111d2000)]
  0x00007fe264976000 JavaThread "Cache worker for journal cache (/Users/mac/.gradle/caches/journal-1)" [_thread_blocked, id=41987, stack(0x0000700010cc6000,0x0000700010dc6000)]
  0x00007fe264953000 JavaThread "File lock request listener" [_thread_in_native, id=23811, stack(0x0000700010bc3000,0x0000700010cc3000)]
  0x00007fe2643ba000 JavaThread "Cache worker for file hash cache (/Users/mac/.gradle/caches/5.6.4/fileHashes)" [_thread_blocked, id=42499, stack(0x0000700010ac0000,0x0000700010bc0000)]
  0x00007fe263ba6800 JavaThread "Daemon periodic checks" [_thread_blocked, id=16899, stack(0x00007000102a8000,0x00007000103a8000)]
  0x00007fe26315c000 JavaThread "Incoming local TCP Connector on port 57071" [_thread_in_native, id=16387, stack(0x00007000101a5000,0x00007000102a5000)]
  0x00007fe264905800 JavaThread "Daemon health stats" [_thread_blocked, id=18435, stack(0x00007000100a2000,0x00007000101a2000)]
  0x00007fe263067800 JavaThread "Service Thread" daemon [_thread_blocked, id=18947, stack(0x000070000fe9c000,0x000070000ff9c000)]
  0x00007fe263817000 JavaThread "C1 CompilerThread2" daemon [_thread_blocked, id=19203, stack(0x000070000fd99000,0x000070000fe99000)]
  0x00007fe263816000 JavaThread "C2 CompilerThread1" daemon [_thread_blocked, id=19459, stack(0x000070000fc96000,0x000070000fd96000)]
  0x00007fe26304c800 JavaThread "C2 CompilerThread0" daemon [_thread_blocked, id=19715, stack(0x000070000fb93000,0x000070000fc93000)]
  0x00007fe26304b800 JavaThread "Signal Dispatcher" daemon [_thread_blocked, id=19971, stack(0x000070000fa90000,0x000070000fb90000)]
  0x00007fe263028000 JavaThread "Finalizer" daemon [_thread_blocked, id=12291, stack(0x000070000f887000,0x000070000f987000)]
  0x00007fe263027000 JavaThread "Reference Handler" daemon [_thread_blocked, id=11779, stack(0x000070000f784000,0x000070000f884000)]
  0x00007fe263809000 JavaThread "main" [_thread_blocked, id=3587, stack(0x000070000f172000,0x000070000f272000)]

Other Threads:
  0x00007fe262836800 VMThread [stack: 0x000070000f681000,0x000070000f781000] [id=11267]
  0x00007fe26300d000 WatcherThread [stack: 0x000070000ff9f000,0x000070001009f000] [id=15875]

=>0x00007fe262810000 (exited) GCTaskThread [stack: 0x000070000f47b000,0x000070000f57b000] [id=8195]

VM state:at safepoint (normal execution)

VM Mutex/Monitor currently owned by a thread:  ([mutex/lock_event])
[0x00007fe26240a0a0] Threads_lock - owner thread: 0x00007fe262836800
[0x00007fe26240a5a0] Heap_lock - owner thread: 0x00007fe2630bf800

heap address: 0x0000000760000000, size: 1536 MB, Compressed Oops mode: Zero based, Oop shift amount: 3
Narrow klass base: 0x0000000000000000, Narrow klass shift: 3
Compressed class space size: 1073741824 Address: 0x00000007c0000000

Heap:
 PSYoungGen      total 423424K, used 391680K [0x00000007a0000000, 0x00000007be100000, 0x00000007c0000000)
  eden space 391680K, 100% used [0x00000007a0000000,0x00000007b7e80000,0x00000007b7e80000)
  from space 31744K, 0% used [0x00000007b7e80000,0x00000007b7e80000,0x00000007b9d80000)
  to   space 33792K, 58% used [0x00000007bc000000,0x00000007bd370010,0x00000007be100000)
 ParOldGen       total 125952K, used 48283K [0x0000000760000000, 0x0000000767b00000, 0x00000007a0000000)
  object space 125952K, 38% used [0x0000000760000000,0x0000000762f26c08,0x0000000767b00000)
 Metaspace       used 103070K, capacity 107800K, committed 108288K, reserved 1142784K
  class space    used 13516K, capacity 14443K, committed 14592K, reserved 1048576K

Card table byte_map: [0x000000010726f000,0x0000000107570000] byte_map_base: 0x000000010376f000

Marking Bits: (ParMarkBitMap*) 0x0000000106820ec8
 Begin Bits: [0x0000000117bf1000, 0x00000001193f1000)
 End Bits:   [0x00000001193f1000, 0x000000011abf1000)

Polling page: 0x00000001056d3000

CodeCache: size=245760Kb used=48188Kb max_used=48209Kb free=197571Kb
 bounds [0x0000000108bf1000, 0x000000010bb41000, 0x0000000117bf1000]
 total_blobs=15904 nmethods=15071 adapters=743
 compilation: enabled

Compilation events (10 events):
Event: 2571.797 Thread 0x00007fe263817000 18870       3       org.gradle.tooling.internal.adapter.MethodInvocation::isIsOrGet (52 bytes)
Event: 2571.797 Thread 0x00007fe263817000 nmethod 18870 0x000000010bb2b050 code [0x000000010bb2b200, 0x000000010bb2b9b8]
Event: 2571.809 Thread 0x00007fe263817000 18871       3       org.gradle.api.internal.artifacts.ivyservice.modulecache.artifacts.InMemoryModuleArtifactsCache::get (52 bytes)
Event: 2571.810 Thread 0x00007fe263817000 nmethod 18871 0x000000010bb1f390 code [0x000000010bb1f540, 0x000000010bb1fac8]
Event: 2571.826 Thread 0x00007fe263817000 18872       3       org.gradle.tooling.internal.adapter.MethodInvocation::<init> (50 bytes)
Event: 2571.826 Thread 0x00007fe263817000 nmethod 18872 0x000000010bb2bc10 code [0x000000010bb2bd80, 0x000000010bb2c010]
Event: 2571.900 Thread 0x00007fe26304c800 nmethod 18801 0x000000010bb31c50 code [0x000000010bb321e0, 0x000000010bb34f58]
Event: 2571.952 Thread 0x00007fe263817000 18873       3       java.io.ObjectOutputStream$HandleTable::growEntries (58 bytes)
Event: 2571.953 Thread 0x00007fe263817000 nmethod 18873 0x000000010bb31550 code [0x000000010bb316e0, 0x000000010bb31b18]
Event: 2571.963 Thread 0x00007fe263817000 18875   !   3       java.io.ObjectStreamClass::getSerializableConstructor (95 bytes)

GC Heap History (10 events):
Event: 96.021 GC heap after
Heap after GC invocations=25 (full 3):
 PSYoungGen      total 376832K, used 23025K [0x00000007a0000000, 0x00000007b9200000, 0x00000007c0000000)
  eden space 345088K, 0% used [0x00000007a0000000,0x00000007a0000000,0x00000007b5100000)
  from space 31744K, 72% used [0x00000007b7180000,0x00000007b87fc770,0x00000007b9080000)
  to   space 33280K, 0% used [0x00000007b5100000,0x00000007b5100000,0x00000007b7180000)
 ParOldGen       total 88576K, used 55947K [0x0000000760000000, 0x0000000765680000, 0x00000007a0000000)
  object space 88576K, 63% used [0x0000000760000000,0x00000007636a2f80,0x0000000765680000)
 Metaspace       used 81873K, capacity 86160K, committed 86272K, reserved 1124352K
  class space    used 10865K, capacity 11734K, committed 11776K, reserved 1048576K
}
Event: 98.368 GC heap before
{Heap before GC invocations=26 (full 3):
 PSYoungGen      total 376832K, used 368113K [0x00000007a0000000, 0x00000007b9200000, 0x00000007c0000000)
  eden space 345088K, 100% used [0x00000007a0000000,0x00000007b5100000,0x00000007b5100000)
  from space 31744K, 72% used [0x00000007b7180000,0x00000007b87fc770,0x00000007b9080000)
  to   space 33280K, 0% used [0x00000007b5100000,0x00000007b5100000,0x00000007b7180000)
 ParOldGen       total 88576K, used 55947K [0x0000000760000000, 0x0000000765680000, 0x00000007a0000000)
  object space 88576K, 63% used [0x0000000760000000,0x00000007636a2f80,0x0000000765680000)
 Metaspace       used 81935K, capacity 86232K, committed 86528K, reserved 1124352K
  class space    used 10865K, capacity 11734K, committed 11776K, reserved 1048576K
Event: 98.439 GC heap after
Heap after GC invocations=26 (full 3):
 PSYoungGen      total 378368K, used 19390K [0x00000007a0000000, 0x00000007bc400000, 0x00000007c0000000)
  eden space 345088K, 0% used [0x00000007a0000000,0x00000007a0000000,0x00000007b5100000)
  from space 33280K, 58% used [0x00000007b5100000,0x00000007b63efbe0,0x00000007b7180000)
  to   space 32768K, 0% used [0x00000007ba400000,0x00000007ba400000,0x00000007bc400000)
 ParOldGen       total 88576K, used 55955K [0x0000000760000000, 0x0000000765680000, 0x00000007a0000000)
  object space 88576K, 63% used [0x0000000760000000,0x00000007636a4f80,0x0000000765680000)
 Metaspace       used 81935K, capacity 86232K, committed 86528K, reserved 1124352K
  class space    used 10865K, capacity 11734K, committed 11776K, reserved 1048576K
}
Event: 102.485 GC heap before
{Heap before GC invocations=27 (full 3):
 PSYoungGen      total 378368K, used 364478K [0x00000007a0000000, 0x00000007bc400000, 0x00000007c0000000)
  eden space 345088K, 100% used [0x00000007a0000000,0x00000007b5100000,0x00000007b5100000)
  from space 33280K, 58% used [0x00000007b5100000,0x00000007b63efbe0,0x00000007b7180000)
  to   space 32768K, 0% used [0x00000007ba400000,0x00000007ba400000,0x00000007bc400000)
 ParOldGen       total 88576K, used 55955K [0x0000000760000000, 0x0000000765680000, 0x00000007a0000000)
  object space 88576K, 63% used [0x0000000760000000,0x00000007636a4f80,0x0000000765680000)
 Metaspace       used 82030K, capacity 86300K, committed 86528K, reserved 1124352K
  class space    used 10865K, capacity 11734K, committed 11776K, reserved 1048576K
Event: 102.522 GC heap after
Heap after GC invocations=27 (full 3):
 PSYoungGen      total 416768K, used 13542K [0x00000007a0000000, 0x00000007bbc80000, 0x00000007c0000000)
  eden space 391680K, 0% used [0x00000007a0000000,0x00000007a0000000,0x00000007b7e80000)
  from space 25088K, 53% used [0x00000007ba400000,0x00000007bb139990,0x00000007bbc80000)
  to   space 31744K, 0% used [0x00000007b7e80000,0x00000007b7e80000,0x00000007b9d80000)
 ParOldGen       total 88576K, used 55955K [0x0000000760000000, 0x0000000765680000, 0x00000007a0000000)
  object space 88576K, 63% used [0x0000000760000000,0x00000007636a4f80,0x0000000765680000)
 Metaspace       used 82030K, capacity 86300K, committed 86528K, reserved 1124352K
  class space    used 10865K, capacity 11734K, committed 11776K, reserved 1048576K
}
Event: 2021.696 GC heap before
{Heap before GC invocations=28 (full 3):
 PSYoungGen      total 416768K, used 237788K [0x00000007a0000000, 0x00000007bbc80000, 0x00000007c0000000)
  eden space 391680K, 57% used [0x00000007a0000000,0x00000007adafd770,0x00000007b7e80000)
  from space 25088K, 53% used [0x00000007ba400000,0x00000007bb139990,0x00000007bbc80000)
  to   space 31744K, 0% used [0x00000007b7e80000,0x00000007b7e80000,0x00000007b9d80000)
 ParOldGen       total 88576K, used 55955K [0x0000000760000000, 0x0000000765680000, 0x00000007a0000000)
  object space 88576K, 63% used [0x0000000760000000,0x00000007636a4f80,0x0000000765680000)
 Metaspace       used 93788K, capacity 98514K, committed 98560K, reserved 1134592K
  class space    used 12362K, capacity 13298K, committed 13312K, reserved 1048576K
Event: 2023.447 GC heap after
Heap after GC invocations=28 (full 3):
 PSYoungGen      total 423424K, used 26256K [0x00000007a0000000, 0x00000007be100000, 0x00000007c0000000)
  eden space 391680K, 0% used [0x00000007a0000000,0x00000007a0000000,0x00000007b7e80000)
  from space 31744K, 82% used [0x00000007b7e80000,0x00000007b9824210,0x00000007b9d80000)
  to   space 33792K, 0% used [0x00000007bc000000,0x00000007bc000000,0x00000007be100000)
 ParOldGen       total 88576K, used 55971K [0x0000000760000000, 0x0000000765680000, 0x00000007a0000000)
  object space 88576K, 63% used [0x0000000760000000,0x00000007636a8f80,0x0000000765680000)
 Metaspace       used 93788K, capacity 98514K, committed 98560K, reserved 1134592K
  class space    used 12362K, capacity 13298K, committed 13312K, reserved 1048576K
}
Event: 2023.447 GC heap before
{Heap before GC invocations=29 (full 4):
 PSYoungGen      total 423424K, used 26256K [0x00000007a0000000, 0x00000007be100000, 0x00000007c0000000)
  eden space 391680K, 0% used [0x00000007a0000000,0x00000007a0000000,0x00000007b7e80000)
  from space 31744K, 82% used [0x00000007b7e80000,0x00000007b9824210,0x00000007b9d80000)
  to   space 33792K, 0% used [0x00000007bc000000,0x00000007bc000000,0x00000007be100000)
 ParOldGen       total 88576K, used 55971K [0x0000000760000000, 0x0000000765680000, 0x00000007a0000000)
  object space 88576K, 63% used [0x0000000760000000,0x00000007636a8f80,0x0000000765680000)
 Metaspace       used 93788K, capacity 98514K, committed 98560K, reserved 1134592K
  class space    used 12362K, capacity 13298K, committed 13312K, reserved 1048576K
Event: 2031.087 GC heap after
Heap after GC invocations=29 (full 4):
 PSYoungGen      total 423424K, used 0K [0x00000007a0000000, 0x00000007be100000, 0x00000007c0000000)
  eden space 391680K, 0% used [0x00000007a0000000,0x00000007a0000000,0x00000007b7e80000)
  from space 31744K, 0% used [0x00000007b7e80000,0x00000007b7e80000,0x00000007b9d80000)
  to   space 33792K, 0% used [0x00000007bc000000,0x00000007bc000000,0x00000007be100000)
 ParOldGen       total 125952K, used 48283K [0x0000000760000000, 0x0000000767b00000, 0x00000007a0000000)
  object space 125952K, 38% used [0x0000000760000000,0x0000000762f26c08,0x0000000767b00000)
 Metaspace       used 91302K, capacity 94726K, committed 98560K, reserved 1134592K
  class space    used 11952K, capacity 12613K, committed 13312K, reserved 1048576K
}
Event: 2571.965 GC heap before
{Heap before GC invocations=30 (full 4):
 PSYoungGen      total 423424K, used 391680K [0x00000007a0000000, 0x00000007be100000, 0x00000007c0000000)
  eden space 391680K, 100% used [0x00000007a0000000,0x00000007b7e80000,0x00000007b7e80000)
  from space 31744K, 0% used [0x00000007b7e80000,0x00000007b7e80000,0x00000007b9d80000)
  to   space 33792K, 0% used [0x00000007bc000000,0x00000007bc000000,0x00000007be100000)
 ParOldGen       total 125952K, used 48283K [0x0000000760000000, 0x0000000767b00000, 0x00000007a0000000)
  object space 125952K, 38% used [0x0000000760000000,0x0000000762f26c08,0x0000000767b00000)
 Metaspace       used 103070K, capacity 107800K, committed 108288K, reserved 1142784K
  class space    used 13516K, capacity 14443K, committed 14592K, reserved 1048576K

Deoptimization events (10 events):
Event: 2050.942 Thread 0x00007fe266cd7000 Uncommon trap: reason=class_check action=maybe_recompile pc=0x00000001095cfa54 method=java.util.stream.Sink$ChainedReference.<init>(Ljava/util/stream/Sink;)V @ 9
Event: 2050.995 Thread 0x00007fe266cd7000 Uncommon trap: reason=class_check action=maybe_recompile pc=0x00000001095cfa54 method=java.util.stream.Sink$ChainedReference.<init>(Ljava/util/stream/Sink;)V @ 9
Event: 2052.285 Thread 0x00007fe266cd7000 Uncommon trap: reason=null_check action=make_not_entrant pc=0x0000000109c7c7bc method=org.gradle.internal.instantiation.AbstractClassGenerator$PropertyTypePropertyHandler.isModelProperty(Lorg/gradle/internal/instantiation/AbstractClassGenerator$PropertyMe
Event: 2052.386 Thread 0x00007fe266cd7000 Uncommon trap: reason=null_check action=make_not_entrant pc=0x00000001099a5754 method=org.gradle.tooling.internal.provider.runner.SubtreeFilteringBuildOperationListener.started(Lorg/gradle/internal/operations/BuildOperationDescriptor;Lorg/gradle/internal/
Event: 2053.513 Thread 0x00007fe266cd7000 Uncommon trap: reason=class_check action=maybe_recompile pc=0x000000010a7bb140 method=java.util.HashMap.removeNode(ILjava/lang/Object;Ljava/lang/Object;ZZ)Ljava/util/HashMap$Node; @ 143
Event: 2281.760 Thread 0x00007fe262f56800 Uncommon trap: reason=unstable_if action=reinterpret pc=0x000000010b7b41cc method=java.lang.Long.getChars(JI[C)V @ 9
Event: 2561.647 Thread 0x00007fe2630bf800 Uncommon trap: reason=unstable_if action=reinterpret pc=0x000000010b52f030 method=java.lang.ref.SoftReference.get()Ljava/lang/Object; @ 6
Event: 2566.699 Thread 0x00007fe2630bf800 Uncommon trap: reason=class_check action=maybe_recompile pc=0x000000010a7bb140 method=java.util.HashMap.removeNode(ILjava/lang/Object;Ljava/lang/Object;ZZ)Ljava/util/HashMap$Node; @ 143
Event: 2568.686 Thread 0x00007fe2630bf800 Uncommon trap: reason=unstable_if action=reinterpret pc=0x000000010b6ff038 method=java.util.concurrent.ConcurrentHashMap.get(Ljava/lang/Object;)Ljava/lang/Object; @ 152
Event: 2570.849 Thread 0x00007fe26451f800 Uncommon trap: reason=unstable_if action=reinterpret pc=0x0000000108d68ca0 method=java.util.concurrent.locks.ReentrantLock$Sync.nonfairTryAcquire(I)Z @ 19

Classes redefined (0 events):
No events

Internal exceptions (10 events):
Event: 2568.004 Thread 0x00007fe2630bf800 Exception <a 'java/lang/ClassNotFoundException': org/jetbrains/plugins/gradle/tooling/util/SourceSetCachedFinder$2BeanInfo> (0x00000007b1726738) thrown at [/Volumes/Android/buildbot/src/googleplex-android/openjdk/out/hotspot/src/share/vm/classfile/systemD
Event: 2568.017 Thread 0x00007fe2630bf800 Exception <a 'java/lang/ClassNotFoundException': org/jetbrains/plugins/gradle/tooling/util/SourceSetCachedFinder$2Customizer> (0x00000007b173bac8) thrown at [/Volumes/Android/buildbot/src/googleplex-android/openjdk/out/hotspot/src/share/vm/classfile/syste
Event: 2568.024 Thread 0x00007fe2630bf800 Exception <a 'java/lang/ClassNotFoundException': org/jetbrains/plugins/gradle/tooling/util/SourceSetCachedFinderBeanInfo> (0x00000007b177b5a8) thrown at [/Volumes/Android/buildbot/src/googleplex-android/openjdk/out/hotspot/src/share/vm/classfile/systemDic
Event: 2568.025 Thread 0x00007fe2630bf800 Exception <a 'java/lang/ClassNotFoundException': org/jetbrains/plugins/gradle/tooling/util/SourceSetCachedFinderCustomizer> (0x00000007b178ff08) thrown at [/Volumes/Android/buildbot/src/googleplex-android/openjdk/out/hotspot/src/share/vm/classfile/systemD
Event: 2569.052 Thread 0x00007fe2630bf800 Exception <a 'java/lang/ClassNotFoundException': org/jetbrains/plugins/gradle/tooling/util/JavaPluginUtilBeanInfo> (0x00000007b28b56b8) thrown at [/Volumes/Android/buildbot/src/googleplex-android/openjdk/out/hotspot/src/share/vm/classfile/systemDictionary
Event: 2569.053 Thread 0x00007fe2630bf800 Exception <a 'java/lang/ClassNotFoundException': org/jetbrains/plugins/gradle/tooling/util/JavaPluginUtilCustomizer> (0x00000007b28c8978) thrown at [/Volumes/Android/buildbot/src/googleplex-android/openjdk/out/hotspot/src/share/vm/classfile/systemDictiona
Event: 2569.552 Thread 0x00007fe2630bf800 Exception <a 'java/lang/ClassNotFoundException': com/android/build/gradle/tasks/factory/AndroidUnitTest_DecoratedBeanInfo> (0x00000007b3b96860) thrown at [/Volumes/Android/buildbot/src/googleplex-android/openjdk/out/hotspot/src/share/vm/classfile/systemDi
Event: 2569.559 Thread 0x00007fe2630bf800 Exception <a 'java/lang/ClassNotFoundException': com/android/build/gradle/tasks/factory/AndroidUnitTestBeanInfo> (0x00000007b3bb0e68) thrown at [/Volumes/Android/buildbot/src/googleplex-android/openjdk/out/hotspot/src/share/vm/classfile/systemDictionary.c
Event: 2569.561 Thread 0x00007fe2630bf800 Exception <a 'java/lang/ClassNotFoundException': com/android/build/gradle/tasks/factory/AndroidUnitTestCustomizer> (0x00000007b3bcbf58) thrown at [/Volumes/Android/buildbot/src/googleplex-android/openjdk/out/hotspot/src/share/vm/classfile/systemDictionary
Event: 2569.795 Thread 0x00007fe2630bf800 Exception <a 'java/lang/ClassNotFoundException': com/android/build/gradle/tasks/factory/AndroidUnitTest_DecoratedCustomizer> (0x00000007b464bba0) thrown at [/Volumes/Android/buildbot/src/googleplex-android/openjdk/out/hotspot/src/share/vm/classfile/system

Events (10 events):
Event: 2571.915 loading class com/android/ide/gradle/model/sources/SourcesAndJavadocArtifact done
Event: 2571.916 loading class com/android/ide/gradle/model/sources/impl/SourcesAndJavadocArtifactIdentifierImpl
Event: 2571.916 loading class com/android/ide/gradle/model/sources/impl/SourcesAndJavadocArtifactIdentifierImpl done
Event: 2571.920 loading class com/android/ide/gradle/model/sources/impl/SourcesAndJavadocArtifactsImpl
Event: 2571.920 loading class com/android/ide/gradle/model/sources/impl/SourcesAndJavadocArtifactsImpl done
Event: 2571.924 loading class com/android/build/gradle/internal/ide/DefaultProjectSyncIssues
Event: 2571.924 loading class com/android/build/gradle/internal/ide/DefaultProjectSyncIssues done
Event: 2571.925 loading class com/android/build/gradle/internal/ide/DefaultProjectSyncIssues$Companion
Event: 2571.926 loading class com/android/build/gradle/internal/ide/DefaultProjectSyncIssues$Companion done
Event: 2571.964 Executing VM operation: ParallelGCFailedAllocation


Dynamic libraries:
0x00007fff2f766000 	/System/Library/Frameworks/Cocoa.framework/Versions/A/Cocoa
0x00007fff3cf43000 	/System/Library/Frameworks/Security.framework/Versions/A/Security
0x00007fff2e6d0000 	/System/Library/Frameworks/ApplicationServices.framework/Versions/A/ApplicationServices
0x00007fff69aed000 	/usr/lib/libz.1.dylib
0x00007fff675b1000 	/usr/lib/libSystem.B.dylib
0x00007fff30601000 	/System/Library/Frameworks/CoreFoundation.framework/Versions/A/CoreFoundation
0x00007fff32cb7000 	/System/Library/Frameworks/Foundation.framework/Versions/C/Foundation
0x00007fff69411000 	/usr/lib/libobjc.A.dylib
0x00007fff2d8c1000 	/System/Library/Frameworks/AppKit.framework/Versions/C/AppKit
0x00007fff300ea000 	/System/Library/Frameworks/CoreData.framework/Versions/A/CoreData
0x00007fff615d2000 	/System/Library/PrivateFrameworks/UIFoundation.framework/Versions/A/UIFoundation
0x00007fff5c680000 	/System/Library/PrivateFrameworks/RemoteViewServices.framework/Versions/A/RemoteViewServices
0x00007fff64126000 	/System/Library/PrivateFrameworks/XCTTargetBootstrap.framework/Versions/A/XCTTargetBootstrap
0x00007fff304d5000 	/System/Library/Frameworks/CoreDisplay.framework/Versions/A/CoreDisplay
0x00007fff35b70000 	/System/Library/Frameworks/Metal.framework/Versions/A/Metal
0x00007fff4a6d9000 	/System/Library/PrivateFrameworks/DesktopServicesPriv.framework/Versions/A/DesktopServicesPriv
0x00007fff686ee000 	/usr/lib/liblangid.dylib
0x00007fff49972000 	/System/Library/PrivateFrameworks/CoreSVG.framework/Versions/A/CoreSVG
0x00007fff5f7d6000 	/System/Library/PrivateFrameworks/SkyLight.framework/Versions/A/SkyLight
0x00007fff30a82000 	/System/Library/Frameworks/CoreGraphics.framework/Versions/A/CoreGraphics
0x00007fff2c295000 	/System/Library/Frameworks/Accelerate.framework/Versions/A/Accelerate
0x00007fff699de000 	/usr/lib/libxml2.2.dylib
0x00007fff55632000 	/System/Library/PrivateFrameworks/IconServices.framework/Versions/A/IconServices
0x00007fff33496000 	/System/Library/Frameworks/IOSurface.framework/Versions/A/IOSurface
0x00007fff670db000 	/usr/lib/libDiagnosticMessagesClient.dylib
0x00007fff4a533000 	/System/Library/PrivateFrameworks/DFRFoundation.framework/Versions/A/DFRFoundation
0x00007fff6847d000 	/usr/lib/libicucore.A.dylib
0x00007fff2ea02000 	/System/Library/Frameworks/AudioToolbox.framework/Versions/A/AudioToolbox
0x00007fff2eae5000 	/System/Library/Frameworks/AudioUnit.framework/Versions/A/AudioUnit
0x00007fff677b3000 	/usr/lib/libauto.dylib
0x00007fff4a5d5000 	/System/Library/PrivateFrameworks/DataDetectorsCore.framework/Versions/A/DataDetectorsCore
0x00007fff2f287000 	/System/Library/Frameworks/Carbon.framework/Versions/A/Frameworks/HIToolbox.framework/Versions/A/HIToolbox
0x00007fff3c140000 	/System/Library/Frameworks/QuartzCore.framework/Versions/A/QuartzCore
0x00007fff2f5c6000 	/System/Library/Frameworks/Carbon.framework/Versions/A/Frameworks/SpeechRecognition.framework/Versions/A/SpeechRecognition
0x00007fff4a04a000 	/System/Library/PrivateFrameworks/CoreUI.framework/Versions/A/CoreUI
0x00007fff2fb55000 	/System/Library/Frameworks/CoreAudio.framework/Versions/A/CoreAudio
0x00007fff3297c000 	/System/Library/Frameworks/DiskArbitration.framework/Versions/A/DiskArbitration
0x00007fff5767f000 	/System/Library/PrivateFrameworks/MultitouchSupport.framework/Versions/A/MultitouchSupport
0x00007fff68344000 	/usr/lib/libenergytrace.dylib
0x00007fff333f0000 	/System/Library/Frameworks/IOKit.framework/Versions/A/IOKit
0x00007fff319e9000 	/System/Library/Frameworks/CoreServices.framework/Versions/A/CoreServices
0x00007fff59816000 	/System/Library/PrivateFrameworks/PerformanceAnalysis.framework/Versions/A/PerformanceAnalysis
0x00007fff3b173000 	/System/Library/Frameworks/OpenGL.framework/Versions/A/OpenGL
0x00007fff2f774000 	/System/Library/Frameworks/ColorSync.framework/Versions/A/ColorSync
0x00007fff31104000 	/System/Library/Frameworks/CoreImage.framework/Versions/A/CoreImage
0x00007fff3245b000 	/System/Library/Frameworks/CoreText.framework/Versions/A/CoreText
0x00007fff33526000 	/System/Library/Frameworks/ImageIO.framework/Versions/A/ImageIO
0x00007fff67897000 	/usr/lib/libc++.1.dylib
0x00007fff67913000 	/usr/lib/libcompression.dylib
0x00007fff6741f000 	/usr/lib/libMobileGestalt.dylib
0x00007fff6134b000 	/System/Library/PrivateFrameworks/TextureIO.framework/Versions/A/TextureIO
0x00007fff67716000 	/usr/lib/libate.dylib
0x00007fff5583b000 	/System/Library/PrivateFrameworks/InternationalSupport.framework/Versions/A/InternationalSupport
0x00007fff6a3ad000 	/usr/lib/system/libcache.dylib
0x00007fff6a3b3000 	/usr/lib/system/libcommonCrypto.dylib
0x00007fff6a3bf000 	/usr/lib/system/libcompiler_rt.dylib
0x00007fff6a3c7000 	/usr/lib/system/libcopyfile.dylib
0x00007fff6a3d1000 	/usr/lib/system/libcorecrypto.dylib
0x00007fff6a570000 	/usr/lib/system/libdispatch.dylib
0x00007fff6a5b1000 	/usr/lib/system/libdyld.dylib
0x00007fff6a5e8000 	/usr/lib/system/libkeymgr.dylib
0x00007fff6a5f6000 	/usr/lib/system/liblaunch.dylib
0x00007fff6a5f7000 	/usr/lib/system/libmacho.dylib
0x00007fff6a5fd000 	/usr/lib/system/libquarantine.dylib
0x00007fff6a600000 	/usr/lib/system/libremovefile.dylib
0x00007fff6a602000 	/usr/lib/system/libsystem_asl.dylib
0x00007fff6a61a000 	/usr/lib/system/libsystem_blocks.dylib
0x00007fff6a61b000 	/usr/lib/system/libsystem_c.dylib
0x00007fff6a6a3000 	/usr/lib/system/libsystem_configuration.dylib
0x00007fff6a6a7000 	/usr/lib/system/libsystem_coreservices.dylib
0x00007fff6a6ab000 	/usr/lib/system/libsystem_darwin.dylib
0x00007fff6a6b4000 	/usr/lib/system/libsystem_dnssd.dylib
0x00007fff6a6bc000 	/usr/lib/system/libsystem_featureflags.dylib
0x00007fff6a6be000 	/usr/lib/system/libsystem_info.dylib
0x00007fff6a739000 	/usr/lib/system/libsystem_m.dylib
0x00007fff6a781000 	/usr/lib/system/libsystem_malloc.dylib
0x00007fff6a7a9000 	/usr/lib/system/libsystem_networkextension.dylib
0x00007fff6a7b7000 	/usr/lib/system/libsystem_notify.dylib
0x00007fff6a7d5000 	/usr/lib/system/libsystem_sandbox.dylib
0x00007fff6a7da000 	/usr/lib/system/libsystem_secinit.dylib
0x00007fff6a70c000 	/usr/lib/system/libsystem_kernel.dylib
0x00007fff6a7c1000 	/usr/lib/system/libsystem_platform.dylib
0x00007fff6a7ca000 	/usr/lib/system/libsystem_pthread.dylib
0x00007fff6a7dd000 	/usr/lib/system/libsystem_symptoms.dylib
0x00007fff6a7e5000 	/usr/lib/system/libsystem_trace.dylib
0x00007fff6a7fd000 	/usr/lib/system/libunwind.dylib
0x00007fff6a803000 	/usr/lib/system/libxpc.dylib
0x00007fff678ea000 	/usr/lib/libc++abi.dylib
0x00007fff686f0000 	/usr/lib/liblzma.5.dylib
0x00007fff6836b000 	/usr/lib/libfakelink.dylib
0x00007fff676a3000 	/usr/lib/libarchive.2.dylib
0x00007fff3dff3000 	/System/Library/Frameworks/SystemConfiguration.framework/Versions/A/SystemConfiguration
0x00007fff6700e000 	/usr/lib/libCRFSuite.dylib
0x00007fff2ee78000 	/System/Library/Frameworks/CFNetwork.framework/Versions/A/CFNetwork
0x00007fff67879000 	/usr/lib/libbsm.0.dylib
0x00007fff6a5e9000 	/usr/lib/system/libkxld.dylib
0x00007fff43f08000 	/System/Library/PrivateFrameworks/AppleFSCompression.framework/Versions/A/AppleFSCompression
0x00007fff67c04000 	/usr/lib/libcoretls.dylib
0x00007fff67c1b000 	/usr/lib/libcoretls_cfhelpers.dylib
0x00007fff69457000 	/usr/lib/libpam.2.dylib
0x00007fff6958c000 	/usr/lib/libsqlite3.dylib
0x00007fff699cb000 	/usr/lib/libxar.1.dylib
0x00007fff6788a000 	/usr/lib/libbz2.1.0.dylib
0x00007fff6838c000 	/usr/lib/libiconv.2.dylib
0x00007fff67900000 	/usr/lib/libcharset.1.dylib
0x00007fff68ef6000 	/usr/lib/libnetwork.dylib
0x00007fff6945e000 	/usr/lib/libpcap.A.dylib
0x00007fff67658000 	/usr/lib/libapple_nghttp2.dylib
0x00007fff31da0000 	/System/Library/Frameworks/CoreServices.framework/Versions/A/Frameworks/FSEvents.framework/Versions/A/FSEvents
0x00007fff31a70000 	/System/Library/Frameworks/CoreServices.framework/Versions/A/Frameworks/CarbonCore.framework/Versions/A/CarbonCore
0x00007fff31fe3000 	/System/Library/Frameworks/CoreServices.framework/Versions/A/Frameworks/Metadata.framework/Versions/A/Metadata
0x00007fff3207c000 	/System/Library/Frameworks/CoreServices.framework/Versions/A/Frameworks/OSServices.framework/Versions/A/OSServices
0x00007fff320aa000 	/System/Library/Frameworks/CoreServices.framework/Versions/A/Frameworks/SearchKit.framework/Versions/A/SearchKit
0x00007fff319ea000 	/System/Library/Frameworks/CoreServices.framework/Versions/A/Frameworks/AE.framework/Versions/A/AE
0x00007fff31da9000 	/System/Library/Frameworks/CoreServices.framework/Versions/A/Frameworks/LaunchServices.framework/Versions/A/LaunchServices
0x00007fff31d52000 	/System/Library/Frameworks/CoreServices.framework/Versions/A/Frameworks/DictionaryServices.framework/Versions/A/DictionaryServices
0x00007fff32112000 	/System/Library/Frameworks/CoreServices.framework/Versions/A/Frameworks/SharedFileList.framework/Versions/A/SharedFileList
0x00007fff36f93000 	/System/Library/Frameworks/NetFS.framework/Versions/A/NetFS
0x00007fff57bae000 	/System/Library/PrivateFrameworks/NetAuth.framework/Versions/A/NetAuth
0x00007fff644f3000 	/System/Library/PrivateFrameworks/login.framework/Versions/A/Frameworks/loginsupport.framework/Versions/A/loginsupport
0x00007fff60e18000 	/System/Library/PrivateFrameworks/TCC.framework/Versions/A/TCC
0x00007fff48ae5000 	/System/Library/PrivateFrameworks/CoreNLP.framework/Versions/A/CoreNLP
0x00007fff570ad000 	/System/Library/PrivateFrameworks/MetadataUtilities.framework/Versions/A/MetadataUtilities
0x00007fff687c8000 	/usr/lib/libmecabra.dylib
0x00007fff68720000 	/usr/lib/libmecab.dylib
0x00007fff6837c000 	/usr/lib/libgermantok.dylib
0x00007fff6763f000 	/usr/lib/libThaiTokenizer.dylib
0x00007fff67045000 	/usr/lib/libChineseTokenizer.dylib
0x00007fff2c2ad000 	/System/Library/Frameworks/Accelerate.framework/Versions/A/Frameworks/vImage.framework/Versions/A/vImage
0x00007fff2d717000 	/System/Library/Frameworks/Accelerate.framework/Versions/A/Frameworks/vecLib.framework/Versions/A/vecLib
0x00007fff2d654000 	/System/Library/Frameworks/Accelerate.framework/Versions/A/Frameworks/vecLib.framework/Versions/A/libvMisc.dylib
0x00007fff2d47c000 	/System/Library/Frameworks/Accelerate.framework/Versions/A/Frameworks/vecLib.framework/Versions/A/libvDSP.dylib
0x00007fff2c904000 	/System/Library/Frameworks/Accelerate.framework/Versions/A/Frameworks/vecLib.framework/Versions/A/libBLAS.dylib
0x00007fff2d040000 	/System/Library/Frameworks/Accelerate.framework/Versions/A/Frameworks/vecLib.framework/Versions/A/libLAPACK.dylib
0x00007fff2d3dc000 	/System/Library/Frameworks/Accelerate.framework/Versions/A/Frameworks/vecLib.framework/Versions/A/libLinearAlgebra.dylib
0x00007fff2d469000 	/System/Library/Frameworks/Accelerate.framework/Versions/A/Frameworks/vecLib.framework/Versions/A/libSparseBLAS.dylib
0x00007fff2d3f2000 	/System/Library/Frameworks/Accelerate.framework/Versions/A/Frameworks/vecLib.framework/Versions/A/libQuadrature.dylib
0x00007fff2cb6c000 	/System/Library/Frameworks/Accelerate.framework/Versions/A/Frameworks/vecLib.framework/Versions/A/libBNNS.dylib
0x00007fff2d3f8000 	/System/Library/Frameworks/Accelerate.framework/Versions/A/Frameworks/vecLib.framework/Versions/A/libSparse.dylib
0x00007fff55c23000 	/System/Library/PrivateFrameworks/LanguageModeling.framework/Versions/A/LanguageModeling
0x00007fff48495000 	/System/Library/PrivateFrameworks/CoreEmoji.framework/Versions/A/CoreEmoji
0x00007fff55d41000 	/System/Library/PrivateFrameworks/LinguisticData.framework/Versions/A/LinguisticData
0x00007fff55cf2000 	/System/Library/PrivateFrameworks/Lexicon.framework/Versions/A/Lexicon
0x00007fff67901000 	/usr/lib/libcmph.dylib
0x00007fff39b81000 	/System/Library/Frameworks/OpenDirectory.framework/Versions/A/Frameworks/CFOpenDirectory.framework/Versions/A/CFOpenDirectory
0x00007fff39b9e000 	/System/Library/Frameworks/OpenDirectory.framework/Versions/A/OpenDirectory
0x00007fff41fbe000 	/System/Library/PrivateFrameworks/APFS.framework/Versions/A/APFS
0x00007fff3d28d000 	/System/Library/Frameworks/SecurityFoundation.framework/Versions/A/SecurityFoundation
0x00007fff699c7000 	/usr/lib/libutil.dylib
0x00007fff499ca000 	/System/Library/PrivateFrameworks/CoreServicesStore.framework/Versions/A/CoreServicesStore
0x00007fff3d344000 	/System/Library/Frameworks/ServiceManagement.framework/Versions/A/ServiceManagement
0x00007fff456d6000 	/System/Library/PrivateFrameworks/BackgroundTaskManagement.framework/Versions/A/BackgroundTaskManagement
0x00007fff69ac4000 	/usr/lib/libxslt.1.dylib
0x00007fff4457a000 	/System/Library/PrivateFrameworks/AppleSystemInfo.framework/Versions/A/AppleSystemInfo
0x00007fff33741000 	/System/Library/Frameworks/ImageIO.framework/Versions/A/Resources/libJPEG.dylib
0x00007fff339fd000 	/System/Library/Frameworks/ImageIO.framework/Versions/A/Resources/libTIFF.dylib
0x00007fff339e0000 	/System/Library/Frameworks/ImageIO.framework/Versions/A/Resources/libPng.dylib
0x00007fff33683000 	/System/Library/Frameworks/ImageIO.framework/Versions/A/Resources/libGIF.dylib
0x00007fff33687000 	/System/Library/Frameworks/ImageIO.framework/Versions/A/Resources/libJP2.dylib
0x00007fff339fb000 	/System/Library/Frameworks/ImageIO.framework/Versions/A/Resources/libRadiance.dylib
0x00007fff68345000 	/usr/lib/libexpat.1.dylib
0x00007fff44063000 	/System/Library/PrivateFrameworks/AppleJPEG.framework/Versions/A/AppleJPEG
0x00007fff4cca5000 	/System/Library/PrivateFrameworks/FontServices.framework/libFontParser.dylib
0x00007fff634f9000 	/System/Library/PrivateFrameworks/WatchdogClient.framework/Versions/A/WatchdogClient
0x00007fff5527f000 	/System/Library/PrivateFrameworks/IOAccelerator.framework/Versions/A/IOAccelerator
0x00007fff35f0b000 	/System/Library/Frameworks/MetalPerformanceShaders.framework/Versions/A/MetalPerformanceShaders
0x00007fff51a18000 	/System/Library/PrivateFrameworks/GPUWrangler.framework/Versions/A/GPUWrangler
0x00007fff55294000 	/System/Library/PrivateFrameworks/IOPresentment.framework/Versions/A/IOPresentment
0x00007fff4a546000 	/System/Library/PrivateFrameworks/DSExternalDisplay.framework/Versions/A/DSExternalDisplay
0x00007fff3a512000 	/System/Library/Frameworks/OpenGL.framework/Versions/A/Libraries/libCoreFSCache.dylib
0x00007fff35c57000 	/System/Library/Frameworks/MetalPerformanceShaders.framework/Frameworks/MPSCore.framework/Versions/A/MPSCore
0x00007fff35c95000 	/System/Library/Frameworks/MetalPerformanceShaders.framework/Frameworks/MPSImage.framework/Versions/A/MPSImage
0x00007fff35d5c000 	/System/Library/Frameworks/MetalPerformanceShaders.framework/Frameworks/MPSNeuralNetwork.framework/Versions/A/MPSNeuralNetwork
0x00007fff35d20000 	/System/Library/Frameworks/MetalPerformanceShaders.framework/Frameworks/MPSMatrix.framework/Versions/A/MPSMatrix
0x00007fff35ebb000 	/System/Library/Frameworks/MetalPerformanceShaders.framework/Frameworks/MPSRayIntersector.framework/Versions/A/MPSRayIntersector
0x00007fff35d46000 	/System/Library/Frameworks/MetalPerformanceShaders.framework/Frameworks/MPSNDArray.framework/Versions/A/MPSNDArray
0x00007fff570fa000 	/System/Library/PrivateFrameworks/MetalTools.framework/Versions/A/MetalTools
0x00007fff43190000 	/System/Library/PrivateFrameworks/AggregateDictionary.framework/Versions/A/AggregateDictionary
0x00007fff47eef000 	/System/Library/PrivateFrameworks/CoreAnalytics.framework/Versions/A/CoreAnalytics
0x00007fff44499000 	/System/Library/PrivateFrameworks/AppleSauce.framework/Versions/A/AppleSauce
0x00007fff67301000 	/usr/lib/libIOReport.dylib
0x00007fff32613000 	/System/Library/Frameworks/CoreVideo.framework/Versions/A/CoreVideo
0x00007fff52e92000 	/System/Library/PrivateFrameworks/GraphVisualizer.framework/Versions/A/GraphVisualizer
0x00007fff4c1f9000 	/System/Library/PrivateFrameworks/FaceCore.framework/Versions/A/FaceCore
0x00007fff39b28000 	/System/Library/Frameworks/OpenCL.framework/Versions/A/OpenCL
0x00007fff67123000 	/usr/lib/libFosl_dynamic.dylib
0x00007fff585c3000 	/System/Library/PrivateFrameworks/OTSVG.framework/Versions/A/OTSVG
0x00007fff2e7d5000 	/System/Library/Frameworks/ApplicationServices.framework/Versions/A/Frameworks/ATS.framework/Versions/A/Resources/libFontRegistry.dylib
0x00007fff4ce76000 	/System/Library/PrivateFrameworks/FontServices.framework/libhvf.dylib
0x00007fff3a51d000 	/System/Library/Frameworks/OpenGL.framework/Versions/A/Libraries/libGFXShared.dylib
0x00007fff3a6fb000 	/System/Library/Frameworks/OpenGL.framework/Versions/A/Libraries/libGLU.dylib
0x00007fff3a526000 	/System/Library/Frameworks/OpenGL.framework/Versions/A/Libraries/libGL.dylib
0x00007fff3a531000 	/System/Library/Frameworks/OpenGL.framework/Versions/A/Libraries/libGLImage.dylib
0x00007fff3a50f000 	/System/Library/Frameworks/OpenGL.framework/Versions/A/Libraries/libCVMSPluginSupport.dylib
0x00007fff3a518000 	/System/Library/Frameworks/OpenGL.framework/Versions/A/Libraries/libCoreVMClient.dylib
0x00007fff68d97000 	/usr/lib/libncurses.5.4.dylib
0x00007fff2e6d1000 	/System/Library/Frameworks/ApplicationServices.framework/Versions/A/Frameworks/ATS.framework/Versions/A/ATS
0x00007fff2e89e000 	/System/Library/Frameworks/ApplicationServices.framework/Versions/A/Frameworks/ColorSyncLegacy.framework/Versions/A/ColorSyncLegacy
0x00007fff2e93c000 	/System/Library/Frameworks/ApplicationServices.framework/Versions/A/Frameworks/HIServices.framework/Versions/A/HIServices
0x00007fff2e994000 	/System/Library/Frameworks/ApplicationServices.framework/Versions/A/Frameworks/LangAnalysis.framework/Versions/A/LangAnalysis
0x00007fff2e9a3000 	/System/Library/Frameworks/ApplicationServices.framework/Versions/A/Frameworks/PrintCore.framework/Versions/A/PrintCore
0x00007fff2e9e9000 	/System/Library/Frameworks/ApplicationServices.framework/Versions/A/Frameworks/QD.framework/Versions/A/QD
0x00007fff2e9f4000 	/System/Library/Frameworks/ApplicationServices.framework/Versions/A/Frameworks/SpeechSynthesis.framework/Versions/A/SpeechSynthesis
0x00007fff2e86e000 	/System/Library/Frameworks/ApplicationServices.framework/Versions/A/Frameworks/ATSUI.framework/Versions/A/ATSUI
0x00007fff681d9000 	/usr/lib/libcups.2.dylib
0x00007fff34fa8000 	/System/Library/Frameworks/Kerberos.framework/Versions/A/Kerberos
0x00007fff330e9000 	/System/Library/Frameworks/GSS.framework/Versions/A/GSS
0x00007fff69518000 	/usr/lib/libresolv.9.dylib
0x00007fff53040000 	/System/Library/PrivateFrameworks/Heimdal.framework/Versions/A/Heimdal
0x00007fff34fbb000 	/System/Library/Frameworks/Kerberos.framework/Versions/A/Libraries/libHeimdalProxy.dylib
0x00007fff68382000 	/usr/lib/libheimdal-asn1.dylib
0x00007fff47388000 	/System/Library/PrivateFrameworks/CommonAuth.framework/Versions/A/CommonAuth
0x00007fff44617000 	/System/Library/PrivateFrameworks/AssertionServices.framework/Versions/A/AssertionServices
0x00007fff451b9000 	/System/Library/PrivateFrameworks/AudioToolboxCore.framework/Versions/A/AudioToolboxCore
0x00007fff641a3000 	/System/Library/PrivateFrameworks/caulk.framework/Versions/A/caulk
0x00007fff45782000 	/System/Library/PrivateFrameworks/BaseBoard.framework/Versions/A/BaseBoard
0x00007fff5c80e000 	/System/Library/PrivateFrameworks/RunningBoardServices.framework/Versions/A/RunningBoardServices
0x00007fff59822000 	/System/Library/PrivateFrameworks/PersistentConnection.framework/Versions/A/PersistentConnection
0x00007fff5c208000 	/System/Library/PrivateFrameworks/ProtocolBuffer.framework/Versions/A/ProtocolBuffer
0x00007fff473ac000 	/System/Library/PrivateFrameworks/CommonUtilities.framework/Versions/A/CommonUtilities
0x00007fff45910000 	/System/Library/PrivateFrameworks/Bom.framework/Versions/A/Bom
0x00007fff66fd4000 	/usr/lib/libAudioToolboxUtility.dylib
0x00007fff456e0000 	/System/Library/PrivateFrameworks/Backup.framework/Versions/A/Backup
0x00007fff4a467000 	/System/Library/PrivateFrameworks/CrashReporterSupport.framework/Versions/A/CrashReporterSupport
0x00007fff5e29c000 	/System/Library/PrivateFrameworks/Sharing.framework/Versions/A/Sharing
0x00007fff43c26000 	/System/Library/PrivateFrameworks/Apple80211.framework/Versions/A/Apple80211
0x00007fff453fd000 	/System/Library/PrivateFrameworks/AuthKit.framework/Versions/A/AuthKit
0x00007fff4a177000 	/System/Library/PrivateFrameworks/CoreUtils.framework/Versions/A/CoreUtils
0x00007fff32658000 	/System/Library/Frameworks/CoreWLAN.framework/Versions/A/CoreWLAN
0x00007fff33276000 	/System/Library/Frameworks/IOBluetooth.framework/Versions/A/IOBluetooth
0x00007fff573fe000 	/System/Library/PrivateFrameworks/MobileKeyBag.framework/Versions/A/MobileKeyBag
0x00007fff48f7d000 	/System/Library/PrivateFrameworks/CorePhoneNumbers.framework/Versions/A/CorePhoneNumbers
0x00007fff44016000 	/System/Library/PrivateFrameworks/AppleIDAuthSupport.framework/Versions/A/AppleIDAuthSupport
0x00007fff36fa0000 	/System/Library/Frameworks/Network.framework/Versions/A/Network
0x00007fff55acf000 	/System/Library/PrivateFrameworks/KeychainCircle.framework/Versions/A/KeychainCircle
0x00007fff300b1000 	/System/Library/Frameworks/CoreBluetooth.framework/Versions/A/CoreBluetooth
0x00007fff60319000 	/System/Library/PrivateFrameworks/SpeechRecognitionCore.framework/Versions/A/SpeechRecognitionCore
0x0000000106000000 	/Applications/Android Studio.app/Contents/jre/jdk/Contents/Home/jre/lib/server/libjvm.dylib
0x00007fff6989a000 	/usr/lib/libstdc++.6.dylib
0x0000000105678000 	/Applications/Android Studio.app/Contents/jre/jdk/Contents/Home/jre/lib/libverify.dylib
0x0000000105689000 	/Applications/Android Studio.app/Contents/jre/jdk/Contents/Home/jre/lib/libjava.dylib
0x000000010571d000 	/Applications/Android Studio.app/Contents/jre/jdk/Contents/Home/jre/lib/libzip.dylib
0x000000011d750000 	/Applications/Android Studio.app/Contents/jre/jdk/Contents/Home/jre/lib/libnet.dylib
0x000000011d6e7000 	/Applications/Android Studio.app/Contents/jre/jdk/Contents/Home/jre/lib/libnio.dylib
0x0000000108ab4000 	/Users/mac/.gradle/native/30/osx-amd64/libnative-platform.dylib
0x000000011db59000 	/Applications/Android Studio.app/Contents/jre/jdk/Contents/Home/jre/lib/libmanagement.dylib
0x00007fff5659c000 	/System/Library/PrivateFrameworks/MallocStackLogging.framework/Versions/A/MallocStackLogging

VM Arguments:
jvm_args: -Xmx1536m -Dfile.encoding=UTF-8 -Duser.country=CN -Duser.language=en -Duser.variant 
java_command: org.gradle.launcher.daemon.bootstrap.GradleDaemon 5.6.4
java_class_path (initial): /Users/mac/.gradle/wrapper/dists/gradle-5.6.4-all/ankdp27end7byghfw1q2sw75f/gradle-5.6.4/lib/gradle-launcher-5.6.4.jar
Launcher Type: SUN_STANDARD

Environment Variables:
PATH=/usr/local/bin:/usr/bin:/bin:/usr/sbin:/sbin
SHELL=/bin/bash

Signal Handlers:
SIGSEGV: [libjvm.dylib+0x5609d5], sa_mask[0]=11111111011111110111111111111111, sa_flags=SA_ONSTACK|SA_RESTART|SA_SIGINFO
SIGBUS: [libjvm.dylib+0x5609d5], sa_mask[0]=11111111011111110111111111111111, sa_flags=SA_RESTART|SA_SIGINFO
SIGFPE: [libjvm.dylib+0x458695], sa_mask[0]=11111111011111110111111111111111, sa_flags=SA_RESTART|SA_SIGINFO
SIGPIPE: [libjvm.dylib+0x458695], sa_mask[0]=11111111011111110111111111111111, sa_flags=SA_RESTART|SA_SIGINFO
SIGXFSZ: [libjvm.dylib+0x458695], sa_mask[0]=11111111011111110111111111111111, sa_flags=SA_RESTART|SA_SIGINFO
SIGILL: [libjvm.dylib+0x458695], sa_mask[0]=11111111011111110111111111111111, sa_flags=SA_RESTART|SA_SIGINFO
SIGUSR1: SIG_DFL, sa_mask[0]=00000000000000000000000000000000, sa_flags=none
SIGUSR2: [libjvm.dylib+0x458f94], sa_mask[0]=00100000000000000000000000000000, sa_flags=SA_RESTART|SA_SIGINFO
SIGHUP: [libjvm.dylib+0x4571b9], sa_mask[0]=11111111011111110111111111111111, sa_flags=SA_RESTART|SA_SIGINFO
SIGINT: [libjvm.dylib+0x4571b9], sa_mask[0]=11111111011111110111111111111111, sa_flags=SA_RESTART|SA_SIGINFO
SIGTERM: [libjvm.dylib+0x4571b9], sa_mask[0]=11111111011111110111111111111111, sa_flags=SA_RESTART|SA_SIGINFO
SIGQUIT: [libjvm.dylib+0x4571b9], sa_mask[0]=11111111011111110111111111111111, sa_flags=SA_RESTART|SA_SIGINFO


---------------  S Y S T E M  ---------------

OS:Bsduname:Darwin 19.4.0 Darwin Kernel Version 19.4.0: Wed Mar  4 22:28:40 PST 2020; root:xnu-6153.101.6~15/RELEASE_X86_64 x86_64
rlimit: STACK 8192k, CORE 0k, NPROC 1392, NOFILE 10240, AS infinity
load average:5.97 5.93 5.29

CPU:total 4 (initial active 4) (2 cores per cpu, 2 threads per core) family 6 model 69 stepping 1, cmov, cx8, fxsr, mmx, sse, sse2, sse3, ssse3, sse4.1, sse4.2, popcnt, avx, avx2, aes, clmul, erms, lzcnt, ht, tsc, tscinvbit, bmi1, bmi2

Memory: 4k page, physical 4194304k(16584k free)

/proc/meminfo:


vm_info: OpenJDK 64-Bit Server VM (25.212-b4-5784211) for bsd-amd64 JRE (1.8.0_212-release-1586-b4-5784211), built by "android-build" with gcc 4.2.1 Compatible Android (5657785 based on r353983d) Clang 9.0.4 (https://android.googlesource.com/toolchain/llvm-project 2a90cc9d899e6fe6dcf0da193244b25f75735c7b)

time: Wed Jun  3 14:13:26 2020
timezone: +06
elapsed time: 2572 seconds (0d 0h 42m 52s)

