#
# A fatal error has been detected by the Java Runtime Environment:
#
#  SIGBUS (0xa) at pc=0x0000000109858e87, pid=38728, tid=0x000000000000aa27
#
# JRE version: OpenJDK Runtime Environment (8.0_212) (build 1.8.0_212-release-1586-b4-5784211)
# Java VM: OpenJDK 64-Bit Server VM (25.212-b4-5784211 mixed mode bsd-amd64 compressed oops)
# Problematic frame:
# J 2600 C2 java.util.zip.ZipFile.getEntry(Ljava/lang/String;)Ljava/util/zip/ZipEntry; (101 bytes) @ 0x0000000109858e87 [0x0000000109858de0+0xa7]
#
# Failed to write core dump. Core dumps have been disabled. To enable core dumping, try "ulimit -c unlimited" before starting Java again
#
# If you would like to submit a bug report, please visit:
#   http://bugreport.java.com/bugreport/crash.jsp
#

---------------  T H R E A D  ---------------

Current thread (0x00007f97106c2000):  JavaThread "Daemon worker Thread 9" [_thread_in_Java, id=43559, stack(0x00007000056ea000,0x00007000057ea000)]

siginfo: si_signo: 10 (SIGBUS), si_code: 2 (BUS_ADRERR), si_addr: 0x00000007e01cdf30

Registers:
RAX=0x0000000000000031, RBX=0x00007000057e4b20, RCX=0x0000000000000000, RDX=0x00000007adc2a138
RSP=0x00007000057e4ac0, RBP=0x0000000000000000, RSI=0x00000007601cddc0, RDI=0x00000007600e8050
R8 =0x00000000ec0212cc, R9 =0x0000000760109660, R10=0x00007f970ec17d50, R11=0x00000000fc039be3
R12=0x0000000000000000, R13=0x0000000000000000, R14=0x00000007c0001610, R15=0x00007f97106c2000
RIP=0x0000000109858e87, EFLAGS=0x0000000000010206, ERR=0x0000000000000004
  TRAPNO=0x000000000000000e

Top of Stack: (sp=0x00007000057e4ac0)
0x00007000057e4ac0:   00000007adc2a138 00000007601cddc0
0x00007000057e4ad0:   0000000000000000 0000000000000031
0x00007000057e4ae0:   0000000000000000 00007f9700000000
0x00007000057e4af0:   00007000057e5160 00000001fc039be3
0x00007000057e4b00:   00000007600e8050 000000010a2c813c
0x00007000057e4b10:   0000000100fc4dc0 ec0455b700000001
0x00007000057e4b20:   0000000000000031 00000007adc29150
0x00007000057e4b30:   00000007601cddc0 0000000109108fac
0x00007000057e4b40:   0000000760109660 00000007adc2a138
0x00007000057e4b50:   ec0212cc00000000 0000000000000050
0x00007000057e4b60:   00007000000000ff 00007fff6aa5cad3
0x00007000057e4b70:   0000000000000031 00007000057e4f20
0x00007000057e4b80:   0000000000000000 000000010a2c80c0
0x00007000057e4b90:   00007000057e4c30 ec01d00a00000001
0x00007000057e4ba0:   00000007c0001610 00000007adc2a138
0x00007000057e4bb0:   00000007c0037a98 00000007600e8050
0x00007000057e4bc0:   0000000000000007 0000000000000000
0x00007000057e4bd0:   00000007adc29f98 0000000000000050
0x00007000057e4be0:   00000007adc28f60 00000007c0000938
0x00007000057e4bf0:   0000000000000031 0000000000000020
0x00007000057e4c00:   00000007c0000938 00007f97106c2000
0x00007000057e4c10:   00007000057e4cb0 000000010a242014
0x00007000057e4c20:   00007000057e4c70 0000000100f35d66
0x00007000057e4c30:   00007000057e4cb0 0000000108edc4e7
0x00007000057e4c40:   00007000057e4c60 0000000100f28e8d
0x00007000057e4c50:   00007f9715a4f898 0000000100f28ef9
0x00007000057e4c60:   00000007adc29f48 00000007c0000938
0x00007000057e4c70:   0000000000000021 0000000000000020
0x00007000057e4c80:   00000007c0000938 00007f97106c2000
0x00007000057e4c90:   00007000057e4d30 000000010a242014
0x00007000057e4ca0:   00007000057e4cf0 0000000100f35d66
0x00007000057e4cb0:   00007000057e4d30 0000000108edc4e7 

Instructions: (pc=0x0000000109858e87)
0x0000000109858e67:   85 f5 0a 00 00 4d 8b 52 10 4d 85 d2 0f 84 f8 0a
0x0000000109858e77:   00 00 4c 8b 5c 24 08 45 8b 5b 20 44 89 5c 24 38
0x0000000109858e87:   47 8b 44 dc 18 49 c1 e3 03 4c 89 5c 24 40 45 85
0x0000000109858e97:   c0 0f 84 f5 04 00 00 4c 8b 1c 24 41 8b 6b 0c 4d 

Register to memory mapping:

RAX=0x0000000000000031 is an unknown value
RBX=0x00007000057e4b20 is pointing into the stack for thread: 0x00007f97106c2000
RCX=0x0000000000000000 is an unknown value
RDX=0x00000007adc2a138 is an oop
java.lang.String 
 - klass: 'java/lang/String'
RSP=0x00007000057e4ac0 is pointing into the stack for thread: 0x00007f97106c2000
RBP=0x0000000000000000 is an unknown value
RSI=0x00000007601cddc0 is an oop
java.util.jar.JarFile 
 - klass: 'java/util/jar/JarFile'
RDI=0x00000007600e8050 is an oop
sun.misc.URLClassPath 
 - klass: 'sun/misc/URLClassPath'
R8 =0x00000000ec0212cc is an unknown value
R9 =0x0000000760109660 is an oop
sun.misc.URLClassPath$JarLoader 
 - klass: 'sun/misc/URLClassPath$JarLoader'
R10=0x00007f970ec17d50 is an unknown value
R11=0x00000000fc039be3 is an unknown value
R12=0x0000000000000000 is an unknown value
R13=0x0000000000000000 is an unknown value
R14=0x00000007c0001610 is pointing into metadata
R15=0x00007f97106c2000 is a thread


Stack: [0x00007000056ea000,0x00007000057ea000],  sp=0x00007000057e4ac0,  free space=1002k
Native frames: (J=compiled Java code, j=interpreted, Vv=VM code, C=native code)
J 2600 C2 java.util.zip.ZipFile.getEntry(Ljava/lang/String;)Ljava/util/zip/ZipEntry; (101 bytes) @ 0x0000000109858e87 [0x0000000109858de0+0xa7]
J 2705 C2 sun.misc.URLClassPath$JarLoader.getResource(Ljava/lang/String;Z)Lsun/misc/Resource; (85 bytes) @ 0x0000000109108fac [0x0000000109108e20+0x18c]
J 6437 C2 java.net.URLClassLoader$1.run()Ljava/lang/Class; (63 bytes) @ 0x000000010a2c80c0 [0x000000010a2c7b00+0x5c0]
J 7714 C2 java.net.URLClassLoader$1.run()Ljava/lang/Object; (5 bytes) @ 0x000000010a242014 [0x000000010a241fe0+0x34]
v  ~StubRoutines::call_stub
V  [libjvm.dylib+0x2ca3be]
V  [libjvm.dylib+0x30f984]
J 297  java.security.AccessController.doPrivileged(Ljava/security/PrivilegedExceptionAction;Ljava/security/AccessControlContext;)Ljava/lang/Object; (0 bytes) @ 0x0000000109082f95 [0x0000000109082ec0+0xd5]
J 1316 C2 java.net.URLClassLoader.findClass(Ljava/lang/String;)Ljava/lang/Class; (47 bytes) @ 0x0000000109372b7c [0x0000000109372ae0+0x9c]
J 2775 C2 java.lang.ClassLoader.loadClass(Ljava/lang/String;Z)Ljava/lang/Class; (122 bytes) @ 0x00000001098a9890 [0x00000001098a9480+0x410]
J 2419 C2 java.lang.ClassLoader.loadClass(Ljava/lang/String;)Ljava/lang/Class; (7 bytes) @ 0x0000000109775f20 [0x0000000109775ee0+0x40]
v  ~StubRoutines::call_stub
V  [libjvm.dylib+0x2ca3be]
V  [libjvm.dylib+0x2c9212]
V  [libjvm.dylib+0x2c9471]
V  [libjvm.dylib+0x4fe870]
V  [libjvm.dylib+0x4fda3f]
V  [libjvm.dylib+0x4fd117]
V  [libjvm.dylib+0x30da0e]
V  [libjvm.dylib+0x30dc36]
C  [libjava.dylib+0x165f]  Java_java_lang_Class_forName0+0x12a
J 1333  java.lang.Class.forName0(Ljava/lang/String;ZLjava/lang/ClassLoader;Ljava/lang/Class;)Ljava/lang/Class; (0 bytes) @ 0x00000001093791f4 [0x0000000109379100+0xf4]
J 2400 C1 java.lang.Class.forName(Ljava/lang/String;)Ljava/lang/Class; (15 bytes) @ 0x000000010975678c [0x00000001097565e0+0x1ac]
j  groovy.lang.MetaClassRegistry$MetaClassCreationHandle.createWithCustomLookup(Ljava/lang/Class;Lgroovy/lang/MetaClassRegistry;)Lgroovy/lang/MetaClass;+27
j  groovy.lang.MetaClassRegistry$MetaClassCreationHandle.create(Ljava/lang/Class;Lgroovy/lang/MetaClassRegistry;)Lgroovy/lang/MetaClass;+17
j  org.codehaus.groovy.reflection.ClassInfo.getMetaClassUnderLock()Lgroovy/lang/MetaClass;+49
J 5863 C1 org.codehaus.groovy.reflection.ClassInfo.getMetaClass()Lgroovy/lang/MetaClass; (33 bytes) @ 0x0000000109f849ec [0x0000000109f83de0+0xc0c]
J 8845 C1 groovy.lang.GroovyObjectSupport.<init>()V (13 bytes) @ 0x000000010a65f40c [0x000000010a65ef80+0x48c]
j  groovy.lang.Script.<init>(Lgroovy/lang/Binding;)V+1
j  groovy.lang.Script.<init>()V+8
j  org.gradle.groovy.scripts.Script.<init>()V+1
j  org.gradle.groovy.scripts.BasicScript.<init>()V+1
j  org.gradle.groovy.scripts.DefaultScript.<init>()V+1
j  org.gradle.initialization.InitScript.<init>()V+1
j  sync_studio_tooling2_8699dqmuooab380ku49hvh0tg.<init>()V+5
v  ~StubRoutines::call_stub
V  [libjvm.dylib+0x2ca3be]
V  [libjvm.dylib+0x49fb44]
V  [libjvm.dylib+0x4a0a30]
V  [libjvm.dylib+0x31cf85]
J 2489  sun.reflect.NativeConstructorAccessorImpl.newInstance0(Ljava/lang/reflect/Constructor;[Ljava/lang/Object;)Ljava/lang/Object; (0 bytes) @ 0x00000001097ce195 [0x00000001097ce0c0+0xd5]
J 2172 C1 sun.reflect.NativeConstructorAccessorImpl.newInstance([Ljava/lang/Object;)Ljava/lang/Object; (89 bytes) @ 0x000000010969affc [0x0000000109699f80+0x107c]
J 7331 C2 java.lang.reflect.Constructor.newInstance([Ljava/lang/Object;)Ljava/lang/Object; (87 bytes) @ 0x000000010970c1a8 [0x000000010970c0a0+0x108]
j  org.gradle.internal.reflect.DirectInstantiator.newInstance(Ljava/lang/Class;[Ljava/lang/Object;)Ljava/lang/Object;+41
j  org.gradle.groovy.scripts.internal.DefaultScriptRunnerFactory$ScriptRunnerImpl.getScript()Lorg/gradle/groovy/scripts/Script;+30
j  org.gradle.groovy.scripts.internal.DefaultScriptRunnerFactory$ScriptRunnerImpl.run(Ljava/lang/Object;Lorg/gradle/internal/service/ServiceRegistry;)V+21
j  org.gradle.configuration.DefaultScriptPluginFactory$ScriptPluginImpl.apply(Ljava/lang/Object;)V+385
j  org.gradle.configuration.BuildOperationScriptPlugin$1$1.run(Lorg/gradle/internal/operations/BuildOperationContext;)V+17
J 16702 C2 org.gradle.internal.operations.DefaultBuildOperationExecutor.execute(Lorg/gradle/internal/operations/BuildOperationDescriptor$Builder;Lorg/gradle/internal/operations/DefaultBuildOperationExecutor$BuildOperationState;Lorg/gradle/internal/operations/DefaultBuildOperationExecutor$BuildOperationExecution;)Lorg/gradle/internal/operations/BuildOperation; (111 bytes) @ 0x000000010b8175ac [0x000000010b816ae0+0xacc]
J 5045 C1 org.gradle.internal.operations.DefaultBuildOperationExecutor.run(Lorg/gradle/internal/operations/RunnableBuildOperation;)V (28 bytes) @ 0x0000000109e597cc [0x0000000109e591c0+0x60c]
J 5743 C1 org.gradle.internal.operations.DelegatingBuildOperationExecutor.run(Lorg/gradle/internal/operations/RunnableBuildOperation;)V (11 bytes) @ 0x00000001097f064c [0x00000001097f0540+0x10c]
j  org.gradle.configuration.BuildOperationScriptPlugin$1.execute(Lorg/gradle/configuration/internal/UserCodeApplicationId;)V+16
j  org.gradle.configuration.BuildOperationScriptPlugin$1.execute(Ljava/lang/Object;)V+5
j  org.gradle.configuration.internal.DefaultUserCodeApplicationContext.apply(Lorg/gradle/api/Action;)V+19
j  org.gradle.configuration.BuildOperationScriptPlugin.apply(Ljava/lang/Object;)V+54
j  org.gradle.configuration.DefaultInitScriptProcessor.process(Lorg/gradle/groovy/scripts/ScriptSource;Lorg/gradle/api/internal/GradleInternal;)V+118
j  org.gradle.initialization.InitScriptHandler$1.run(Lorg/gradle/internal/operations/BuildOperationContext;)V+68
J 16702 C2 org.gradle.internal.operations.DefaultBuildOperationExecutor.execute(Lorg/gradle/internal/operations/BuildOperationDescriptor$Builder;Lorg/gradle/internal/operations/DefaultBuildOperationExecutor$BuildOperationState;Lorg/gradle/internal/operations/DefaultBuildOperationExecutor$BuildOperationExecution;)Lorg/gradle/internal/operations/BuildOperation; (111 bytes) @ 0x000000010b8175ac [0x000000010b816ae0+0xacc]
J 5045 C1 org.gradle.internal.operations.DefaultBuildOperationExecutor.run(Lorg/gradle/internal/operations/RunnableBuildOperation;)V (28 bytes) @ 0x0000000109e597cc [0x0000000109e591c0+0x60c]
J 5743 C1 org.gradle.internal.operations.DelegatingBuildOperationExecutor.run(Lorg/gradle/internal/operations/RunnableBuildOperation;)V (11 bytes) @ 0x00000001097f064c [0x00000001097f0540+0x10c]
j  org.gradle.initialization.InitScriptHandler.executeScripts(Lorg/gradle/api/internal/GradleInternal;)V+34
j  org.gradle.initialization.DefaultSettingsPreparer.prepareSettings(Lorg/gradle/api/internal/GradleInternal;)V+5
j  org.gradle.initialization.BuildOperatingFiringSettingsPreparer$LoadBuild.doLoadBuild()V+11
j  org.gradle.initialization.BuildOperatingFiringSettingsPreparer$LoadBuild.run(Lorg/gradle/internal/operations/BuildOperationContext;)V+1
J 16702 C2 org.gradle.internal.operations.DefaultBuildOperationExecutor.execute(Lorg/gradle/internal/operations/BuildOperationDescriptor$Builder;Lorg/gradle/internal/operations/DefaultBuildOperationExecutor$BuildOperationState;Lorg/gradle/internal/operations/DefaultBuildOperationExecutor$BuildOperationExecution;)Lorg/gradle/internal/operations/BuildOperation; (111 bytes) @ 0x000000010b8175ac [0x000000010b816ae0+0xacc]
J 5045 C1 org.gradle.internal.operations.DefaultBuildOperationExecutor.run(Lorg/gradle/internal/operations/RunnableBuildOperation;)V (28 bytes) @ 0x0000000109e597cc [0x0000000109e591c0+0x60c]
J 5743 C1 org.gradle.internal.operations.DelegatingBuildOperationExecutor.run(Lorg/gradle/internal/operations/RunnableBuildOperation;)V (11 bytes) @ 0x00000001097f064c [0x00000001097f0540+0x10c]
j  org.gradle.initialization.BuildOperatingFiringSettingsPreparer.prepareSettings(Lorg/gradle/api/internal/GradleInternal;)V+13
j  org.gradle.initialization.DefaultGradleLauncher.prepareSettings()V+28
j  org.gradle.initialization.DefaultGradleLauncher.doClassicBuildStages(Lorg/gradle/initialization/DefaultGradleLauncher$Stage;)V+1
j  org.gradle.initialization.DefaultGradleLauncher.doBuildStages(Lorg/gradle/initialization/DefaultGradleLauncher$Stage;)V+45
j  org.gradle.initialization.DefaultGradleLauncher.getConfiguredBuild()Lorg/gradle/api/internal/GradleInternal;+4
j  org.gradle.internal.invocation.GradleBuildController$2.execute(Lorg/gradle/initialization/GradleLauncher;)V+1
j  org.gradle.internal.invocation.GradleBuildController$2.execute(Ljava/lang/Object;)V+5
j  org.gradle.internal.invocation.GradleBuildController$3.create()Lorg/gradle/api/internal/GradleInternal;+31
j  org.gradle.internal.invocation.GradleBuildController$3.create()Ljava/lang/Object;+1
J 20629 C1 org.gradle.internal.work.DefaultWorkerLeaseService.withLocks(Ljava/lang/Iterable;Lorg/gradle/internal/Factory;)Ljava/lang/Object; (51 bytes) @ 0x000000010b5617e4 [0x000000010b561400+0x3e4]
j  org.gradle.internal.work.StopShieldingWorkerLeaseService.withLocks(Ljava/lang/Iterable;Lorg/gradle/internal/Factory;)Ljava/lang/Object;+6
j  org.gradle.internal.invocation.GradleBuildController.doBuild(Lorg/gradle/api/internal/GradleInternal$BuildType;Lorg/gradle/api/Action;)Lorg/gradle/api/internal/GradleInternal;+26
j  org.gradle.internal.invocation.GradleBuildController.configure()Lorg/gradle/api/internal/GradleInternal;+12
j  org.gradle.tooling.internal.provider.runner.ClientProvidedPhasedActionRunner.run(Lorg/gradle/internal/invocation/BuildAction;Lorg/gradle/internal/invocation/BuildController;)Lorg/gradle/internal/invocation/BuildActionRunner$Result;+102
j  org.gradle.launcher.exec.ChainingBuildActionRunner.run(Lorg/gradle/internal/invocation/BuildAction;Lorg/gradle/internal/invocation/BuildController;)Lorg/gradle/internal/invocation/BuildActionRunner$Result;+34
j  org.gradle.launcher.exec.ChainingBuildActionRunner.run(Lorg/gradle/internal/invocation/BuildAction;Lorg/gradle/internal/invocation/BuildController;)Lorg/gradle/internal/invocation/BuildActionRunner$Result;+34
j  org.gradle.launcher.exec.BuildOutcomeReportingBuildActionRunner.run(Lorg/gradle/internal/invocation/BuildAction;Lorg/gradle/internal/invocation/BuildController;)Lorg/gradle/internal/invocation/BuildActionRunner$Result;+143
j  org.gradle.tooling.internal.provider.ValidatingBuildActionRunner.run(Lorg/gradle/internal/invocation/BuildAction;Lorg/gradle/internal/invocation/BuildController;)Lorg/gradle/internal/invocation/BuildActionRunner$Result;+6
j  org.gradle.launcher.exec.BuildCompletionNotifyingBuildActionRunner.run(Lorg/gradle/internal/invocation/BuildAction;Lorg/gradle/internal/invocation/BuildController;)Lorg/gradle/internal/invocation/BuildActionRunner$Result;+28
j  org.gradle.launcher.exec.RunAsBuildOperationBuildActionRunner$3.call(Lorg/gradle/internal/operations/BuildOperationContext;)Lorg/gradle/internal/invocation/BuildActionRunner$Result;+95
j  org.gradle.launcher.exec.RunAsBuildOperationBuildActionRunner$3.call(Lorg/gradle/internal/operations/BuildOperationContext;)Ljava/lang/Object;+2
J 16702 C2 org.gradle.internal.operations.DefaultBuildOperationExecutor.execute(Lorg/gradle/internal/operations/BuildOperationDescriptor$Builder;Lorg/gradle/internal/operations/DefaultBuildOperationExecutor$BuildOperationState;Lorg/gradle/internal/operations/DefaultBuildOperationExecutor$BuildOperationExecution;)Lorg/gradle/internal/operations/BuildOperation; (111 bytes) @ 0x000000010b817548 [0x000000010b816ae0+0xa68]
J 20806 C2 org.gradle.internal.operations.DelegatingBuildOperationExecutor.call(Lorg/gradle/internal/operations/CallableBuildOperation;)Ljava/lang/Object; (11 bytes) @ 0x000000010ba53600 [0x000000010ba533e0+0x220]
j  org.gradle.launcher.exec.RunAsBuildOperationBuildActionRunner.run(Lorg/gradle/internal/invocation/BuildAction;Lorg/gradle/internal/invocation/BuildController;)Lorg/gradle/internal/invocation/BuildActionRunner$Result;+33
j  org.gradle.launcher.exec.InProcessBuildActionExecuter$1.transform(Lorg/gradle/internal/invocation/BuildController;)Lorg/gradle/launcher/exec/BuildActionResult;+12
j  org.gradle.launcher.exec.InProcessBuildActionExecuter$1.transform(Ljava/lang/Object;)Ljava/lang/Object;+5
j  org.gradle.composite.internal.DefaultRootBuildState.run(Lorg/gradle/api/Transformer;)Ljava/lang/Object;+35
j  org.gradle.launcher.exec.InProcessBuildActionExecuter.execute(Lorg/gradle/internal/invocation/BuildAction;Lorg/gradle/initialization/BuildRequestContext;Lorg/gradle/launcher/exec/BuildActionParameters;Lorg/gradle/internal/service/ServiceRegistry;)Lorg/gradle/launcher/exec/BuildActionResult;+82
j  org.gradle.launcher.exec.InProcessBuildActionExecuter.execute(Lorg/gradle/internal/invocation/BuildAction;Lorg/gradle/initialization/BuildRequestContext;Ljava/lang/Object;Lorg/gradle/internal/service/ServiceRegistry;)Lorg/gradle/launcher/exec/BuildActionResult;+9
j  org.gradle.launcher.exec.BuildTreeScopeBuildActionExecuter.execute(Lorg/gradle/internal/invocation/BuildAction;Lorg/gradle/initialization/BuildRequestContext;Lorg/gradle/launcher/exec/BuildActionParameters;Lorg/gradle/internal/service/ServiceRegistry;)Lorg/gradle/launcher/exec/BuildActionResult;+38
j  org.gradle.launcher.exec.BuildTreeScopeBuildActionExecuter.execute(Lorg/gradle/internal/invocation/BuildAction;Lorg/gradle/initialization/BuildRequestContext;Ljava/lang/Object;Lorg/gradle/internal/service/ServiceRegistry;)Lorg/gradle/launcher/exec/BuildActionResult;+9
j  org.gradle.tooling.internal.provider.ContinuousBuildActionExecuter.execute(Lorg/gradle/internal/invocation/BuildAction;Lorg/gradle/initialization/BuildRequestContext;Lorg/gradle/launcher/exec/BuildActionParameters;Lorg/gradle/internal/service/ServiceRegistry;)Lorg/gradle/launcher/exec/BuildActionResult;+58
j  org.gradle.tooling.internal.provider.ContinuousBuildActionExecuter.execute(Lorg/gradle/internal/invocation/BuildAction;Lorg/gradle/initialization/BuildRequestContext;Ljava/lang/Object;Lorg/gradle/internal/service/ServiceRegistry;)Lorg/gradle/launcher/exec/BuildActionResult;+9
...<more frames>...


---------------  P R O C E S S  ---------------

Java Threads: ( => current thread )
  0x00007f970f09d000 JavaThread "Cache worker for file hash cache (/Users/mac/GuessGame/ProjectStudy/.gradle/5.6.4/fileHashes)" [_thread_blocked, id=32039, stack(0x0000700005dff000,0x0000700005eff000)]
  0x00007f971098c000 JavaThread "Thread-264" [_thread_blocked, id=31511, stack(0x00007000059f3000,0x0000700005af3000)]
  0x00007f97126a9000 JavaThread "Stdin handler" [_thread_blocked, id=34071, stack(0x00007000058f0000,0x00007000059f0000)]
  0x00007f9714443800 JavaThread "Asynchronous log dispatcher for DefaultDaemonConnection: socket connection from /127.0.0.1:56570 to /127.0.0.1:60050" [_thread_blocked, id=25387, stack(0x00007000057ed000,0x00007000058ed000)]
=>0x00007f97106c2000 JavaThread "Daemon worker Thread 9" [_thread_in_Java, id=43559, stack(0x00007000056ea000,0x00007000057ea000)]
  0x00007f9714566800 JavaThread "Cancel handler" [_thread_blocked, id=39975, stack(0x00007000055e7000,0x00007000056e7000)]
  0x00007f97107f2800 JavaThread "Handler for socket connection from /127.0.0.1:56570 to /127.0.0.1:60050" [_thread_in_native, id=24619, stack(0x00007000054e4000,0x00007000055e4000)]
  0x00007f97107f2000 JavaThread "Daemon Thread 9" [_thread_blocked, id=16423, stack(0x00007000053e1000,0x00007000054e1000)]
  0x00007f97115b3800 JavaThread "Cache worker for Java compile cache (/Users/mac/.gradle/caches/5.6.4/javaCompile)" [_thread_blocked, id=43779, stack(0x0000700007d87000,0x0000700007e87000)]
  0x00007f97147e6000 JavaThread "MarlinRenderer Disposer" daemon [_thread_blocked, id=28679, stack(0x000070000733e000,0x000070000743e000)]
  0x00007f9712745800 JavaThread "Java2D Disposer" daemon [_thread_blocked, id=28935, stack(0x000070000723b000,0x000070000733b000)]
  0x00007f9712498800 JavaThread "AWT-AppKit" daemon [_thread_in_native, id=775, stack(0x00007ffeef357000,0x00007ffeefb57000)]
  0x00007f97105c0800 JavaThread "Cache worker for file content cache (/Users/mac/.gradle/caches/5.6.4/fileContent)" [_thread_blocked, id=26115, stack(0x000070000681d000,0x000070000691d000)]
  0x00007f97109c4000 JavaThread "Memory manager" [_thread_blocked, id=25603, stack(0x000070000671a000,0x000070000681a000)]
  0x00007f97107b2000 JavaThread "Cache worker for execution history cache (/Users/mac/.gradle/caches/5.6.4/executionHistory)" [_thread_blocked, id=24067, stack(0x0000700006108000,0x0000700006208000)]
  0x00007f9710cbc000 JavaThread "Cache worker for journal cache (/Users/mac/.gradle/caches/journal-1)" [_thread_blocked, id=23043, stack(0x0000700005cfc000,0x0000700005dfc000)]
  0x00007f970fe09000 JavaThread "File lock request listener" [_thread_in_native, id=22787, stack(0x0000700005bf9000,0x0000700005cf9000)]
  0x00007f9710cad000 JavaThread "Cache worker for file hash cache (/Users/mac/.gradle/caches/5.6.4/fileHashes)" [_thread_blocked, id=22531, stack(0x0000700005af6000,0x0000700005bf6000)]
  0x00007f9710926000 JavaThread "Daemon periodic checks" [_thread_blocked, id=16643, stack(0x00007000052de000,0x00007000053de000)]
  0x00007f9710463000 JavaThread "Incoming local TCP Connector on port 56570" [_thread_in_native, id=16899, stack(0x00007000051db000,0x00007000052db000)]
  0x00007f9710c0f800 JavaThread "Daemon health stats" [_thread_blocked, id=17411, stack(0x00007000050d8000,0x00007000051d8000)]
  0x00007f970f85f000 JavaThread "Service Thread" daemon [_thread_blocked, id=17923, stack(0x0000700004ed2000,0x0000700004fd2000)]
  0x00007f9710848000 JavaThread "C1 CompilerThread2" daemon [_thread_blocked, id=18435, stack(0x0000700004dcf000,0x0000700004ecf000)]
  0x00007f970f026800 JavaThread "C2 CompilerThread1" daemon [_thread_blocked, id=14339, stack(0x0000700004ccc000,0x0000700004dcc000)]
  0x00007f970f03c000 JavaThread "C2 CompilerThread0" daemon [_thread_in_native, id=18947, stack(0x0000700004bc9000,0x0000700004cc9000)]
  0x00007f970f03b000 JavaThread "Signal Dispatcher" daemon [_thread_blocked, id=13827, stack(0x0000700004ac6000,0x0000700004bc6000)]
  0x00007f970f811000 JavaThread "Finalizer" daemon [_thread_blocked, id=11523, stack(0x00007000048bd000,0x00007000049bd000)]
  0x00007f9710020800 JavaThread "Reference Handler" daemon [_thread_blocked, id=11267, stack(0x00007000047ba000,0x00007000048ba000)]
  0x00007f971000a800 JavaThread "main" [_thread_blocked, id=4099, stack(0x00007000041a8000,0x00007000042a8000)]

Other Threads:
  0x00007f971001f800 VMThread [stack: 0x00007000046b7000,0x00007000047b7000] [id=21507]
  0x00007f970f03a800 WatcherThread [stack: 0x0000700004fd5000,0x00007000050d5000] [id=14595]

VM state:not at safepoint (normal execution)

VM Mutex/Monitor currently owned by a thread: None

heap address: 0x0000000760000000, size: 1536 MB, Compressed Oops mode: Zero based, Oop shift amount: 3
Narrow klass base: 0x0000000000000000, Narrow klass shift: 3
Compressed class space size: 1073741824 Address: 0x00000007c0000000

Heap:
 PSYoungGen      total 338944K, used 261225K [0x00000007a0000000, 0x00000007b8f80000, 0x00000007c0000000)
  eden space 303104K, 74% used [0x00000007a0000000,0x00000007adc4fda8,0x00000007b2800000)
  from space 35840K, 99% used [0x00000007b2800000,0x00000007b4aca7f8,0x00000007b4b00000)
  to   space 40960K, 0% used [0x00000007b6780000,0x00000007b6780000,0x00000007b8f80000)
 ParOldGen       total 139776K, used 58597K [0x0000000760000000, 0x0000000768880000, 0x00000007a0000000)
  object space 139776K, 41% used [0x0000000760000000,0x0000000763939748,0x0000000768880000)
 Metaspace       used 100859K, capacity 106060K, committed 106240K, reserved 1140736K
  class space    used 13037K, capacity 14031K, committed 14080K, reserved 1048576K

Card table byte_map: [0x0000000101c6f000,0x0000000101f70000] byte_map_base: 0x00000000fe16f000

Marking Bits: (ParMarkBitMap*) 0x0000000101220ec8
 Begin Bits: [0x0000000102170000, 0x0000000103970000)
 End Bits:   [0x0000000103970000, 0x0000000105170000)

Polling page: 0x0000000100138000

CodeCache: size=245760Kb used=55333Kb max_used=55344Kb free=190426Kb
 bounds [0x0000000108edc000, 0x000000010c54c000, 0x0000000117edc000]
 total_blobs=18131 nmethods=17119 adapters=924
 compilation: enabled

Compilation events (10 events):
Event: 7171.882 Thread 0x00007f9710848000 22360   !   3       java.io.ObjectStreamClass::lookup (335 bytes)
Event: 7171.891 Thread 0x00007f9710848000 nmethod 22360 0x000000010c539290 code [0x000000010c539760, 0x000000010c53cf48]
Event: 7171.918 Thread 0x00007f9710848000 22361       1       org.gradle.groovy.scripts.internal.NoDataCompileOperation::getId (5 bytes)
Event: 7171.919 Thread 0x00007f9710848000 nmethod 22361 0x000000010b11e510 code [0x000000010b11e660, 0x000000010b11e770]
Event: 7172.195 Thread 0x00007f9710848000 22362       1       org.codehaus.groovy.util.ReferenceType$SoftRef::getHandler (5 bytes)
Event: 7172.196 Thread 0x00007f9710848000 nmethod 22362 0x000000010bf368d0 code [0x000000010bf36a20, 0x000000010bf36b30]
Event: 7172.214 Thread 0x00007f9710848000 22363       3       org.codehaus.groovy.util.ManagedReference::finalizeReference (10 bytes)
Event: 7172.215 Thread 0x00007f9710848000 nmethod 22363 0x000000010a09ea10 code [0x000000010a09eb80, 0x000000010a09eda8]
Event: 7172.362 Thread 0x00007f970f026800 22364       4       java.util.concurrent.ConcurrentLinkedQueue::succ (19 bytes)
Event: 7172.363 Thread 0x00007f970f026800 nmethod 22364 0x000000010a9b76d0 code [0x000000010a9b7820, 0x000000010a9b78b8]

GC Heap History (10 events):
Event: 3040.715 GC heap before
{Heap before GC invocations=23 (full 4):
 PSYoungGen      total 283648K, used 270038K [0x00000007a0000000, 0x00000007b4c00000, 0x00000007c0000000)
  eden space 242176K, 100% used [0x00000007a0000000,0x00000007aec80000,0x00000007aec80000)
  from space 41472K, 67% used [0x00000007b1680000,0x00000007b31b58e0,0x00000007b3f00000)
  to   space 43008K, 0% used [0x00000007aec80000,0x00000007aec80000,0x00000007b1680000)
 ParOldGen       total 139776K, used 58549K [0x0000000760000000, 0x0000000768880000, 0x00000007a0000000)
  object space 139776K, 41% used [0x0000000760000000,0x000000076392d748,0x0000000768880000)
 Metaspace       used 98121K, capacity 102272K, committed 102912K, reserved 1138688K
  class space    used 12852K, capacity 13692K, committed 13824K, reserved 1048576K
Event: 3041.582 GC heap after
Heap after GC invocations=23 (full 4):
 PSYoungGen      total 285184K, used 13943K [0x00000007a0000000, 0x00000007b6300000, 0x00000007c0000000)
  eden space 242176K, 0% used [0x00000007a0000000,0x00000007a0000000,0x00000007aec80000)
  from space 43008K, 32% used [0x00000007aec80000,0x00000007afa1de28,0x00000007b1680000)
  to   space 41472K, 0% used [0x00000007b3a80000,0x00000007b3a80000,0x00000007b6300000)
 ParOldGen       total 139776K, used 58565K [0x0000000760000000, 0x0000000768880000, 0x00000007a0000000)
  object space 139776K, 41% used [0x0000000760000000,0x0000000763931748,0x0000000768880000)
 Metaspace       used 98121K, capacity 102272K, committed 102912K, reserved 1138688K
  class space    used 12852K, capacity 13692K, committed 13824K, reserved 1048576K
}
Event: 3096.899 GC heap before
{Heap before GC invocations=24 (full 4):
 PSYoungGen      total 285184K, used 256119K [0x00000007a0000000, 0x00000007b6300000, 0x00000007c0000000)
  eden space 242176K, 100% used [0x00000007a0000000,0x00000007aec80000,0x00000007aec80000)
  from space 43008K, 32% used [0x00000007aec80000,0x00000007afa1de28,0x00000007b1680000)
  to   space 41472K, 0% used [0x00000007b3a80000,0x00000007b3a80000,0x00000007b6300000)
 ParOldGen       total 139776K, used 58565K [0x0000000760000000, 0x0000000768880000, 0x00000007a0000000)
  object space 139776K, 41% used [0x0000000760000000,0x0000000763931748,0x0000000768880000)
 Metaspace       used 98751K, capacity 103112K, committed 103552K, reserved 1138688K
  class space    used 12887K, capacity 13760K, committed 13952K, reserved 1048576K
Event: 3097.070 GC heap after
Heap after GC invocations=24 (full 4):
 PSYoungGen      total 308736K, used 18876K [0x00000007a0000000, 0x00000007b5a80000, 0x00000007c0000000)
  eden space 275968K, 0% used [0x00000007a0000000,0x00000007a0000000,0x00000007b0d80000)
  from space 32768K, 57% used [0x00000007b3a80000,0x00000007b4cef1d8,0x00000007b5a80000)
  to   space 39424K, 0% used [0x00000007b0d80000,0x00000007b0d80000,0x00000007b3400000)
 ParOldGen       total 139776K, used 58573K [0x0000000760000000, 0x0000000768880000, 0x00000007a0000000)
  object space 139776K, 41% used [0x0000000760000000,0x0000000763933748,0x0000000768880000)
 Metaspace       used 98751K, capacity 103112K, committed 103552K, reserved 1138688K
  class space    used 12887K, capacity 13760K, committed 13952K, reserved 1048576K
}
Event: 3291.024 GC heap before
{Heap before GC invocations=25 (full 4):
 PSYoungGen      total 308736K, used 294844K [0x00000007a0000000, 0x00000007b5a80000, 0x00000007c0000000)
  eden space 275968K, 100% used [0x00000007a0000000,0x00000007b0d80000,0x00000007b0d80000)
  from space 32768K, 57% used [0x00000007b3a80000,0x00000007b4cef1d8,0x00000007b5a80000)
  to   space 39424K, 0% used [0x00000007b0d80000,0x00000007b0d80000,0x00000007b3400000)
 ParOldGen       total 139776K, used 58573K [0x0000000760000000, 0x0000000768880000, 0x00000007a0000000)
  object space 139776K, 41% used [0x0000000760000000,0x0000000763933748,0x0000000768880000)
 Metaspace       used 99091K, capacity 103446K, committed 103808K, reserved 1138688K
  class space    used 12893K, capacity 13771K, committed 13952K, reserved 1048576K
Event: 3291.326 GC heap after
Heap after GC invocations=25 (full 4):
 PSYoungGen      total 315392K, used 16931K [0x00000007a0000000, 0x00000007b7600000, 0x00000007c0000000)
  eden space 275968K, 0% used [0x00000007a0000000,0x00000007a0000000,0x00000007b0d80000)
  from space 39424K, 42% used [0x00000007b0d80000,0x00000007b1e08de8,0x00000007b3400000)
  to   space 37376K, 0% used [0x00000007b5180000,0x00000007b5180000,0x00000007b7600000)
 ParOldGen       total 139776K, used 58581K [0x0000000760000000, 0x0000000768880000, 0x00000007a0000000)
  object space 139776K, 41% used [0x0000000760000000,0x0000000763935748,0x0000000768880000)
 Metaspace       used 99091K, capacity 103446K, committed 103808K, reserved 1138688K
  class space    used 12893K, capacity 13771K, committed 13952K, reserved 1048576K
}
Event: 3459.636 GC heap before
{Heap before GC invocations=26 (full 4):
 PSYoungGen      total 315392K, used 292899K [0x00000007a0000000, 0x00000007b7600000, 0x00000007c0000000)
  eden space 275968K, 100% used [0x00000007a0000000,0x00000007b0d80000,0x00000007b0d80000)
  from space 39424K, 42% used [0x00000007b0d80000,0x00000007b1e08de8,0x00000007b3400000)
  to   space 37376K, 0% used [0x00000007b5180000,0x00000007b5180000,0x00000007b7600000)
 ParOldGen       total 139776K, used 58581K [0x0000000760000000, 0x0000000768880000, 0x00000007a0000000)
  object space 139776K, 41% used [0x0000000760000000,0x0000000763935748,0x0000000768880000)
 Metaspace       used 99941K, capacity 104732K, committed 104832K, reserved 1140736K
  class space    used 12955K, capacity 13886K, committed 13952K, reserved 1048576K
Event: 3459.841 GC heap after
Heap after GC invocations=26 (full 4):
 PSYoungGen      total 332288K, used 14856K [0x00000007a0000000, 0x00000007b6e00000, 0x00000007c0000000)
  eden space 303104K, 0% used [0x00000007a0000000,0x00000007a0000000,0x00000007b2800000)
  from space 29184K, 50% used [0x00000007b5180000,0x00000007b6002330,0x00000007b6e00000)
  to   space 35840K, 0% used [0x00000007b2800000,0x00000007b2800000,0x00000007b4b00000)
 ParOldGen       total 139776K, used 58589K [0x0000000760000000, 0x0000000768880000, 0x00000007a0000000)
  object space 139776K, 41% used [0x0000000760000000,0x0000000763937748,0x0000000768880000)
 Metaspace       used 99941K, capacity 104732K, committed 104832K, reserved 1140736K
  class space    used 12955K, capacity 13886K, committed 13952K, reserved 1048576K
}
Event: 4184.548 GC heap before
{Heap before GC invocations=27 (full 4):
 PSYoungGen      total 332288K, used 317960K [0x00000007a0000000, 0x00000007b6e00000, 0x00000007c0000000)
  eden space 303104K, 100% used [0x00000007a0000000,0x00000007b2800000,0x00000007b2800000)
  from space 29184K, 50% used [0x00000007b5180000,0x00000007b6002330,0x00000007b6e00000)
  to   space 35840K, 0% used [0x00000007b2800000,0x00000007b2800000,0x00000007b4b00000)
 ParOldGen       total 139776K, used 58589K [0x0000000760000000, 0x0000000768880000, 0x00000007a0000000)
  object space 139776K, 41% used [0x0000000760000000,0x0000000763937748,0x0000000768880000)
 Metaspace       used 100569K, capacity 105724K, committed 105984K, reserved 1140736K
  class space    used 13016K, capacity 13996K, committed 14080K, reserved 1048576K
Event: 4184.992 GC heap after
Heap after GC invocations=27 (full 4):
 PSYoungGen      total 338944K, used 35625K [0x00000007a0000000, 0x00000007b8f80000, 0x00000007c0000000)
  eden space 303104K, 0% used [0x00000007a0000000,0x00000007a0000000,0x00000007b2800000)
  from space 35840K, 99% used [0x00000007b2800000,0x00000007b4aca7f8,0x00000007b4b00000)
  to   space 40960K, 0% used [0x00000007b6780000,0x00000007b6780000,0x00000007b8f80000)
 ParOldGen       total 139776K, used 58597K [0x0000000760000000, 0x0000000768880000, 0x00000007a0000000)
  object space 139776K, 41% used [0x0000000760000000,0x0000000763939748,0x0000000768880000)
 Metaspace       used 100569K, capacity 105724K, committed 105984K, reserved 1140736K
  class space    used 13016K, capacity 13996K, committed 14080K, reserved 1048576K
}

Deoptimization events (10 events):
Event: 4183.400 Thread 0x00007f9713101000 Uncommon trap: reason=array_check action=maybe_recompile pc=0x000000010c1431a4 method=java.util.TimSort.mergeHi(IIII)V @ 657
Event: 4183.674 Thread 0x00007f9712471800 Uncommon trap: reason=array_check action=maybe_recompile pc=0x000000010c16f408 method=java.util.TimSort.mergeLo(IIII)V @ 590
Event: 4183.674 Thread 0x00007f9712471800 Uncommon trap: reason=array_check action=maybe_recompile pc=0x000000010c16f4dc method=java.util.TimSort.mergeLo(IIII)V @ 375
Event: 4183.674 Thread 0x00007f9712471800 Uncommon trap: reason=array_check action=maybe_recompile pc=0x000000010c14337c method=java.util.TimSort.mergeHi(IIII)V @ 419
Event: 4183.674 Thread 0x00007f9712471800 Uncommon trap: reason=array_check action=maybe_recompile pc=0x000000010c16f408 method=java.util.TimSort.mergeLo(IIII)V @ 590
Event: 4183.674 Thread 0x00007f9712471800 Uncommon trap: reason=array_check action=maybe_recompile pc=0x000000010c1434c8 method=java.util.TimSort.mergeHi(IIII)V @ 171
Event: 4183.675 Thread 0x00007f9712471800 Uncommon trap: reason=array_check action=maybe_recompile pc=0x000000010c1434c8 method=java.util.TimSort.mergeHi(IIII)V @ 171
Event: 4186.390 Thread 0x00007f970f783800 Uncommon trap: reason=class_check action=maybe_recompile pc=0x000000010b0e93ec method=java.lang.ThreadLocal.setInitialValue()Ljava/lang/Object; @ 31
Event: 4251.882 Thread 0x00007f9710783800 Uncommon trap: reason=unstable_if action=reinterpret pc=0x000000010b94a80c method=java.util.concurrent.locks.LockSupport.unpark(Ljava/lang/Thread;)V @ 1
Event: 7170.170 Thread 0x00007f97107f2800 Uncommon trap: reason=unstable_if action=reinterpret pc=0x000000010b2c3e9c method=java.io.ObjectStreamClass.lookup(Ljava/lang/Class;Z)Ljava/io/ObjectStreamClass; @ 92

Classes redefined (0 events):
No events

Internal exceptions (10 events):
Event: 7171.744 Thread 0x00007f97106c2000 Exception <a 'java/lang/NoSuchMethodError': <clinit>> (0x00000007adb94480) thrown at [/Volumes/Android/buildbot/src/googleplex-android/openjdk/out/hotspot/src/share/vm/prims/jni.cpp, line 1614]
Event: 7171.744 Thread 0x00007f97106c2000 Exception <a 'java/lang/NoSuchMethodError': <clinit>> (0x00000007adb9a528) thrown at [/Volumes/Android/buildbot/src/googleplex-android/openjdk/out/hotspot/src/share/vm/prims/jni.cpp, line 1614]
Event: 7171.745 Thread 0x00007f97106c2000 Exception <a 'java/lang/NoSuchMethodError': <clinit>> (0x00000007adba0310) thrown at [/Volumes/Android/buildbot/src/googleplex-android/openjdk/out/hotspot/src/share/vm/prims/jni.cpp, line 1614]
Event: 7171.866 Thread 0x00007f97106c2000 Exception <a 'java/lang/NoSuchMethodError': <clinit>> (0x00000007adbfb060) thrown at [/Volumes/Android/buildbot/src/googleplex-android/openjdk/out/hotspot/src/share/vm/prims/jni.cpp, line 1614]
Event: 7171.881 Thread 0x00007f97106c2000 Exception <a 'java/lang/NoSuchMethodError': <clinit>> (0x00000007adbff198) thrown at [/Volumes/Android/buildbot/src/googleplex-android/openjdk/out/hotspot/src/share/vm/prims/jni.cpp, line 1614]
Event: 7171.881 Thread 0x00007f97106c2000 Exception <a 'java/lang/NoSuchMethodError': <clinit>> (0x00000007adc00b20) thrown at [/Volumes/Android/buildbot/src/googleplex-android/openjdk/out/hotspot/src/share/vm/prims/jni.cpp, line 1614]
Event: 7171.881 Thread 0x00007f97106c2000 Exception <a 'java/lang/NoSuchMethodError': <clinit>> (0x00000007adc02208) thrown at [/Volumes/Android/buildbot/src/googleplex-android/openjdk/out/hotspot/src/share/vm/prims/jni.cpp, line 1614]
Event: 7171.881 Thread 0x00007f97106c2000 Exception <a 'java/lang/NoSuchMethodError': <clinit>> (0x00000007adc03b40) thrown at [/Volumes/Android/buildbot/src/googleplex-android/openjdk/out/hotspot/src/share/vm/prims/jni.cpp, line 1614]
Event: 7171.888 Thread 0x00007f97106c2000 Exception <a 'java/lang/NoSuchMethodError': <clinit>> (0x00000007adc05140) thrown at [/Volumes/Android/buildbot/src/googleplex-android/openjdk/out/hotspot/src/share/vm/prims/jni.cpp, line 1614]
Event: 7171.888 Thread 0x00007f97106c2000 Exception <a 'java/lang/NoSuchMethodError': <clinit>> (0x00000007adc065e0) thrown at [/Volumes/Android/buildbot/src/googleplex-android/openjdk/out/hotspot/src/share/vm/prims/jni.cpp, line 1614]

Events (10 events):
Event: 7171.981 loading class org/gradle/internal/scripts/ScriptOrigin
Event: 7171.981 loading class org/gradle/internal/scripts/ScriptOrigin done
Event: 7172.009 loading class org/gradle/initialization/InitScript
Event: 7172.009 loading class org/gradle/initialization/InitScript done
Event: 7172.038 loading class groovy/lang/GroovyObject
Event: 7172.038 loading class groovy/lang/GroovyObject done
Event: 7172.044 loading class org/codehaus/groovy/runtime/callsite/CallSiteArray
Event: 7172.044 loading class org/codehaus/groovy/runtime/callsite/CallSiteArray done
Event: 7172.365 loading class groovy/runtime/metaclass/sync_studio_tooling2_8699dqmuooab380ku49hvh0tgMetaClass
Event: 7172.365 loading class groovy/runtime/metaclass/sync_studio_tooling2_8699dqmuooab380ku49hvh0tgMetaClass done


Dynamic libraries:
0x00007fff2fb3f000 	/System/Library/Frameworks/Cocoa.framework/Versions/A/Cocoa
0x00007fff3d31c000 	/System/Library/Frameworks/Security.framework/Versions/A/Security
0x00007fff2eaa9000 	/System/Library/Frameworks/ApplicationServices.framework/Versions/A/ApplicationServices
0x00007fff69ec6000 	/usr/lib/libz.1.dylib
0x00007fff6798a000 	/usr/lib/libSystem.B.dylib
0x00007fff309da000 	/System/Library/Frameworks/CoreFoundation.framework/Versions/A/CoreFoundation
0x00007fff33090000 	/System/Library/Frameworks/Foundation.framework/Versions/C/Foundation
0x00007fff697ea000 	/usr/lib/libobjc.A.dylib
0x00007fff2dc9a000 	/System/Library/Frameworks/AppKit.framework/Versions/C/AppKit
0x00007fff304c3000 	/System/Library/Frameworks/CoreData.framework/Versions/A/CoreData
0x00007fff619ab000 	/System/Library/PrivateFrameworks/UIFoundation.framework/Versions/A/UIFoundation
0x00007fff5ca59000 	/System/Library/PrivateFrameworks/RemoteViewServices.framework/Versions/A/RemoteViewServices
0x00007fff644ff000 	/System/Library/PrivateFrameworks/XCTTargetBootstrap.framework/Versions/A/XCTTargetBootstrap
0x00007fff308ae000 	/System/Library/Frameworks/CoreDisplay.framework/Versions/A/CoreDisplay
0x00007fff35f49000 	/System/Library/Frameworks/Metal.framework/Versions/A/Metal
0x00007fff4aab2000 	/System/Library/PrivateFrameworks/DesktopServicesPriv.framework/Versions/A/DesktopServicesPriv
0x00007fff68ac7000 	/usr/lib/liblangid.dylib
0x00007fff49d4b000 	/System/Library/PrivateFrameworks/CoreSVG.framework/Versions/A/CoreSVG
0x00007fff5fbaf000 	/System/Library/PrivateFrameworks/SkyLight.framework/Versions/A/SkyLight
0x00007fff30e5b000 	/System/Library/Frameworks/CoreGraphics.framework/Versions/A/CoreGraphics
0x00007fff2c66e000 	/System/Library/Frameworks/Accelerate.framework/Versions/A/Accelerate
0x00007fff69db7000 	/usr/lib/libxml2.2.dylib
0x00007fff55a0b000 	/System/Library/PrivateFrameworks/IconServices.framework/Versions/A/IconServices
0x00007fff3386f000 	/System/Library/Frameworks/IOSurface.framework/Versions/A/IOSurface
0x00007fff674b4000 	/usr/lib/libDiagnosticMessagesClient.dylib
0x00007fff4a90c000 	/System/Library/PrivateFrameworks/DFRFoundation.framework/Versions/A/DFRFoundation
0x00007fff68856000 	/usr/lib/libicucore.A.dylib
0x00007fff2eddb000 	/System/Library/Frameworks/AudioToolbox.framework/Versions/A/AudioToolbox
0x00007fff2eebe000 	/System/Library/Frameworks/AudioUnit.framework/Versions/A/AudioUnit
0x00007fff67b8c000 	/usr/lib/libauto.dylib
0x00007fff4a9ae000 	/System/Library/PrivateFrameworks/DataDetectorsCore.framework/Versions/A/DataDetectorsCore
0x00007fff2f660000 	/System/Library/Frameworks/Carbon.framework/Versions/A/Frameworks/HIToolbox.framework/Versions/A/HIToolbox
0x00007fff3c519000 	/System/Library/Frameworks/QuartzCore.framework/Versions/A/QuartzCore
0x00007fff2f99f000 	/System/Library/Frameworks/Carbon.framework/Versions/A/Frameworks/SpeechRecognition.framework/Versions/A/SpeechRecognition
0x00007fff4a423000 	/System/Library/PrivateFrameworks/CoreUI.framework/Versions/A/CoreUI
0x00007fff2ff2e000 	/System/Library/Frameworks/CoreAudio.framework/Versions/A/CoreAudio
0x00007fff32d55000 	/System/Library/Frameworks/DiskArbitration.framework/Versions/A/DiskArbitration
0x00007fff57a58000 	/System/Library/PrivateFrameworks/MultitouchSupport.framework/Versions/A/MultitouchSupport
0x00007fff6871d000 	/usr/lib/libenergytrace.dylib
0x00007fff337c9000 	/System/Library/Frameworks/IOKit.framework/Versions/A/IOKit
0x00007fff31dc2000 	/System/Library/Frameworks/CoreServices.framework/Versions/A/CoreServices
0x00007fff59bef000 	/System/Library/PrivateFrameworks/PerformanceAnalysis.framework/Versions/A/PerformanceAnalysis
0x00007fff3b54c000 	/System/Library/Frameworks/OpenGL.framework/Versions/A/OpenGL
0x00007fff2fb4d000 	/System/Library/Frameworks/ColorSync.framework/Versions/A/ColorSync
0x00007fff314dd000 	/System/Library/Frameworks/CoreImage.framework/Versions/A/CoreImage
0x00007fff32834000 	/System/Library/Frameworks/CoreText.framework/Versions/A/CoreText
0x00007fff338ff000 	/System/Library/Frameworks/ImageIO.framework/Versions/A/ImageIO
0x00007fff67c70000 	/usr/lib/libc++.1.dylib
0x00007fff67cec000 	/usr/lib/libcompression.dylib
0x00007fff677f8000 	/usr/lib/libMobileGestalt.dylib
0x00007fff61724000 	/System/Library/PrivateFrameworks/TextureIO.framework/Versions/A/TextureIO
0x00007fff67aef000 	/usr/lib/libate.dylib
0x00007fff55c14000 	/System/Library/PrivateFrameworks/InternationalSupport.framework/Versions/A/InternationalSupport
0x00007fff6a786000 	/usr/lib/system/libcache.dylib
0x00007fff6a78c000 	/usr/lib/system/libcommonCrypto.dylib
0x00007fff6a798000 	/usr/lib/system/libcompiler_rt.dylib
0x00007fff6a7a0000 	/usr/lib/system/libcopyfile.dylib
0x00007fff6a7aa000 	/usr/lib/system/libcorecrypto.dylib
0x00007fff6a949000 	/usr/lib/system/libdispatch.dylib
0x00007fff6a98a000 	/usr/lib/system/libdyld.dylib
0x00007fff6a9c1000 	/usr/lib/system/libkeymgr.dylib
0x00007fff6a9cf000 	/usr/lib/system/liblaunch.dylib
0x00007fff6a9d0000 	/usr/lib/system/libmacho.dylib
0x00007fff6a9d6000 	/usr/lib/system/libquarantine.dylib
0x00007fff6a9d9000 	/usr/lib/system/libremovefile.dylib
0x00007fff6a9db000 	/usr/lib/system/libsystem_asl.dylib
0x00007fff6a9f3000 	/usr/lib/system/libsystem_blocks.dylib
0x00007fff6a9f4000 	/usr/lib/system/libsystem_c.dylib
0x00007fff6aa7c000 	/usr/lib/system/libsystem_configuration.dylib
0x00007fff6aa80000 	/usr/lib/system/libsystem_coreservices.dylib
0x00007fff6aa84000 	/usr/lib/system/libsystem_darwin.dylib
0x00007fff6aa8d000 	/usr/lib/system/libsystem_dnssd.dylib
0x00007fff6aa95000 	/usr/lib/system/libsystem_featureflags.dylib
0x00007fff6aa97000 	/usr/lib/system/libsystem_info.dylib
0x00007fff6ab12000 	/usr/lib/system/libsystem_m.dylib
0x00007fff6ab5a000 	/usr/lib/system/libsystem_malloc.dylib
0x00007fff6ab82000 	/usr/lib/system/libsystem_networkextension.dylib
0x00007fff6ab90000 	/usr/lib/system/libsystem_notify.dylib
0x00007fff6abae000 	/usr/lib/system/libsystem_sandbox.dylib
0x00007fff6abb3000 	/usr/lib/system/libsystem_secinit.dylib
0x00007fff6aae5000 	/usr/lib/system/libsystem_kernel.dylib
0x00007fff6ab9a000 	/usr/lib/system/libsystem_platform.dylib
0x00007fff6aba3000 	/usr/lib/system/libsystem_pthread.dylib
0x00007fff6abb6000 	/usr/lib/system/libsystem_symptoms.dylib
0x00007fff6abbe000 	/usr/lib/system/libsystem_trace.dylib
0x00007fff6abd6000 	/usr/lib/system/libunwind.dylib
0x00007fff6abdc000 	/usr/lib/system/libxpc.dylib
0x00007fff67cc3000 	/usr/lib/libc++abi.dylib
0x00007fff68ac9000 	/usr/lib/liblzma.5.dylib
0x00007fff68744000 	/usr/lib/libfakelink.dylib
0x00007fff67a7c000 	/usr/lib/libarchive.2.dylib
0x00007fff3e3cc000 	/System/Library/Frameworks/SystemConfiguration.framework/Versions/A/SystemConfiguration
0x00007fff673e7000 	/usr/lib/libCRFSuite.dylib
0x00007fff2f251000 	/System/Library/Frameworks/CFNetwork.framework/Versions/A/CFNetwork
0x00007fff67c52000 	/usr/lib/libbsm.0.dylib
0x00007fff6a9c2000 	/usr/lib/system/libkxld.dylib
0x00007fff442e1000 	/System/Library/PrivateFrameworks/AppleFSCompression.framework/Versions/A/AppleFSCompression
0x00007fff67fdd000 	/usr/lib/libcoretls.dylib
0x00007fff67ff4000 	/usr/lib/libcoretls_cfhelpers.dylib
0x00007fff69830000 	/usr/lib/libpam.2.dylib
0x00007fff69965000 	/usr/lib/libsqlite3.dylib
0x00007fff69da4000 	/usr/lib/libxar.1.dylib
0x00007fff67c63000 	/usr/lib/libbz2.1.0.dylib
0x00007fff68765000 	/usr/lib/libiconv.2.dylib
0x00007fff67cd9000 	/usr/lib/libcharset.1.dylib
0x00007fff692cf000 	/usr/lib/libnetwork.dylib
0x00007fff69837000 	/usr/lib/libpcap.A.dylib
0x00007fff67a31000 	/usr/lib/libapple_nghttp2.dylib
0x00007fff32179000 	/System/Library/Frameworks/CoreServices.framework/Versions/A/Frameworks/FSEvents.framework/Versions/A/FSEvents
0x00007fff31e49000 	/System/Library/Frameworks/CoreServices.framework/Versions/A/Frameworks/CarbonCore.framework/Versions/A/CarbonCore
0x00007fff323bc000 	/System/Library/Frameworks/CoreServices.framework/Versions/A/Frameworks/Metadata.framework/Versions/A/Metadata
0x00007fff32455000 	/System/Library/Frameworks/CoreServices.framework/Versions/A/Frameworks/OSServices.framework/Versions/A/OSServices
0x00007fff32483000 	/System/Library/Frameworks/CoreServices.framework/Versions/A/Frameworks/SearchKit.framework/Versions/A/SearchKit
0x00007fff31dc3000 	/System/Library/Frameworks/CoreServices.framework/Versions/A/Frameworks/AE.framework/Versions/A/AE
0x00007fff32182000 	/System/Library/Frameworks/CoreServices.framework/Versions/A/Frameworks/LaunchServices.framework/Versions/A/LaunchServices
0x00007fff3212b000 	/System/Library/Frameworks/CoreServices.framework/Versions/A/Frameworks/DictionaryServices.framework/Versions/A/DictionaryServices
0x00007fff324eb000 	/System/Library/Frameworks/CoreServices.framework/Versions/A/Frameworks/SharedFileList.framework/Versions/A/SharedFileList
0x00007fff3736c000 	/System/Library/Frameworks/NetFS.framework/Versions/A/NetFS
0x00007fff57f87000 	/System/Library/PrivateFrameworks/NetAuth.framework/Versions/A/NetAuth
0x00007fff648cc000 	/System/Library/PrivateFrameworks/login.framework/Versions/A/Frameworks/loginsupport.framework/Versions/A/loginsupport
0x00007fff611f1000 	/System/Library/PrivateFrameworks/TCC.framework/Versions/A/TCC
0x00007fff48ebe000 	/System/Library/PrivateFrameworks/CoreNLP.framework/Versions/A/CoreNLP
0x00007fff57486000 	/System/Library/PrivateFrameworks/MetadataUtilities.framework/Versions/A/MetadataUtilities
0x00007fff68ba1000 	/usr/lib/libmecabra.dylib
0x00007fff68af9000 	/usr/lib/libmecab.dylib
0x00007fff68755000 	/usr/lib/libgermantok.dylib
0x00007fff67a18000 	/usr/lib/libThaiTokenizer.dylib
0x00007fff6741e000 	/usr/lib/libChineseTokenizer.dylib
0x00007fff2c686000 	/System/Library/Frameworks/Accelerate.framework/Versions/A/Frameworks/vImage.framework/Versions/A/vImage
0x00007fff2daf0000 	/System/Library/Frameworks/Accelerate.framework/Versions/A/Frameworks/vecLib.framework/Versions/A/vecLib
0x00007fff2da2d000 	/System/Library/Frameworks/Accelerate.framework/Versions/A/Frameworks/vecLib.framework/Versions/A/libvMisc.dylib
0x00007fff2d855000 	/System/Library/Frameworks/Accelerate.framework/Versions/A/Frameworks/vecLib.framework/Versions/A/libvDSP.dylib
0x00007fff2ccdd000 	/System/Library/Frameworks/Accelerate.framework/Versions/A/Frameworks/vecLib.framework/Versions/A/libBLAS.dylib
0x00007fff2d419000 	/System/Library/Frameworks/Accelerate.framework/Versions/A/Frameworks/vecLib.framework/Versions/A/libLAPACK.dylib
0x00007fff2d7b5000 	/System/Library/Frameworks/Accelerate.framework/Versions/A/Frameworks/vecLib.framework/Versions/A/libLinearAlgebra.dylib
0x00007fff2d842000 	/System/Library/Frameworks/Accelerate.framework/Versions/A/Frameworks/vecLib.framework/Versions/A/libSparseBLAS.dylib
0x00007fff2d7cb000 	/System/Library/Frameworks/Accelerate.framework/Versions/A/Frameworks/vecLib.framework/Versions/A/libQuadrature.dylib
0x00007fff2cf45000 	/System/Library/Frameworks/Accelerate.framework/Versions/A/Frameworks/vecLib.framework/Versions/A/libBNNS.dylib
0x00007fff2d7d1000 	/System/Library/Frameworks/Accelerate.framework/Versions/A/Frameworks/vecLib.framework/Versions/A/libSparse.dylib
0x00007fff55ffc000 	/System/Library/PrivateFrameworks/LanguageModeling.framework/Versions/A/LanguageModeling
0x00007fff4886e000 	/System/Library/PrivateFrameworks/CoreEmoji.framework/Versions/A/CoreEmoji
0x00007fff5611a000 	/System/Library/PrivateFrameworks/LinguisticData.framework/Versions/A/LinguisticData
0x00007fff560cb000 	/System/Library/PrivateFrameworks/Lexicon.framework/Versions/A/Lexicon
0x00007fff67cda000 	/usr/lib/libcmph.dylib
0x00007fff39f5a000 	/System/Library/Frameworks/OpenDirectory.framework/Versions/A/Frameworks/CFOpenDirectory.framework/Versions/A/CFOpenDirectory
0x00007fff39f77000 	/System/Library/Frameworks/OpenDirectory.framework/Versions/A/OpenDirectory
0x00007fff42397000 	/System/Library/PrivateFrameworks/APFS.framework/Versions/A/APFS
0x00007fff3d666000 	/System/Library/Frameworks/SecurityFoundation.framework/Versions/A/SecurityFoundation
0x00007fff69da0000 	/usr/lib/libutil.dylib
0x00007fff49da3000 	/System/Library/PrivateFrameworks/CoreServicesStore.framework/Versions/A/CoreServicesStore
0x00007fff3d71d000 	/System/Library/Frameworks/ServiceManagement.framework/Versions/A/ServiceManagement
0x00007fff45aaf000 	/System/Library/PrivateFrameworks/BackgroundTaskManagement.framework/Versions/A/BackgroundTaskManagement
0x00007fff69e9d000 	/usr/lib/libxslt.1.dylib
0x00007fff44953000 	/System/Library/PrivateFrameworks/AppleSystemInfo.framework/Versions/A/AppleSystemInfo
0x00007fff33b1a000 	/System/Library/Frameworks/ImageIO.framework/Versions/A/Resources/libJPEG.dylib
0x00007fff33dd6000 	/System/Library/Frameworks/ImageIO.framework/Versions/A/Resources/libTIFF.dylib
0x00007fff33db9000 	/System/Library/Frameworks/ImageIO.framework/Versions/A/Resources/libPng.dylib
0x00007fff33a5c000 	/System/Library/Frameworks/ImageIO.framework/Versions/A/Resources/libGIF.dylib
0x00007fff33a60000 	/System/Library/Frameworks/ImageIO.framework/Versions/A/Resources/libJP2.dylib
0x00007fff33dd4000 	/System/Library/Frameworks/ImageIO.framework/Versions/A/Resources/libRadiance.dylib
0x00007fff6871e000 	/usr/lib/libexpat.1.dylib
0x00007fff4443c000 	/System/Library/PrivateFrameworks/AppleJPEG.framework/Versions/A/AppleJPEG
0x00007fff4d07e000 	/System/Library/PrivateFrameworks/FontServices.framework/libFontParser.dylib
0x00007fff638d2000 	/System/Library/PrivateFrameworks/WatchdogClient.framework/Versions/A/WatchdogClient
0x00007fff55658000 	/System/Library/PrivateFrameworks/IOAccelerator.framework/Versions/A/IOAccelerator
0x00007fff362e4000 	/System/Library/Frameworks/MetalPerformanceShaders.framework/Versions/A/MetalPerformanceShaders
0x00007fff51df1000 	/System/Library/PrivateFrameworks/GPUWrangler.framework/Versions/A/GPUWrangler
0x00007fff5566d000 	/System/Library/PrivateFrameworks/IOPresentment.framework/Versions/A/IOPresentment
0x00007fff4a91f000 	/System/Library/PrivateFrameworks/DSExternalDisplay.framework/Versions/A/DSExternalDisplay
0x00007fff3a8eb000 	/System/Library/Frameworks/OpenGL.framework/Versions/A/Libraries/libCoreFSCache.dylib
0x00007fff36030000 	/System/Library/Frameworks/MetalPerformanceShaders.framework/Frameworks/MPSCore.framework/Versions/A/MPSCore
0x00007fff3606e000 	/System/Library/Frameworks/MetalPerformanceShaders.framework/Frameworks/MPSImage.framework/Versions/A/MPSImage
0x00007fff36135000 	/System/Library/Frameworks/MetalPerformanceShaders.framework/Frameworks/MPSNeuralNetwork.framework/Versions/A/MPSNeuralNetwork
0x00007fff360f9000 	/System/Library/Frameworks/MetalPerformanceShaders.framework/Frameworks/MPSMatrix.framework/Versions/A/MPSMatrix
0x00007fff36294000 	/System/Library/Frameworks/MetalPerformanceShaders.framework/Frameworks/MPSRayIntersector.framework/Versions/A/MPSRayIntersector
0x00007fff3611f000 	/System/Library/Frameworks/MetalPerformanceShaders.framework/Frameworks/MPSNDArray.framework/Versions/A/MPSNDArray
0x00007fff574d3000 	/System/Library/PrivateFrameworks/MetalTools.framework/Versions/A/MetalTools
0x00007fff43569000 	/System/Library/PrivateFrameworks/AggregateDictionary.framework/Versions/A/AggregateDictionary
0x00007fff482c8000 	/System/Library/PrivateFrameworks/CoreAnalytics.framework/Versions/A/CoreAnalytics
0x00007fff44872000 	/System/Library/PrivateFrameworks/AppleSauce.framework/Versions/A/AppleSauce
0x00007fff676da000 	/usr/lib/libIOReport.dylib
0x00007fff329ec000 	/System/Library/Frameworks/CoreVideo.framework/Versions/A/CoreVideo
0x00007fff5326b000 	/System/Library/PrivateFrameworks/GraphVisualizer.framework/Versions/A/GraphVisualizer
0x00007fff4c5d2000 	/System/Library/PrivateFrameworks/FaceCore.framework/Versions/A/FaceCore
0x00007fff39f01000 	/System/Library/Frameworks/OpenCL.framework/Versions/A/OpenCL
0x00007fff674fc000 	/usr/lib/libFosl_dynamic.dylib
0x00007fff5899c000 	/System/Library/PrivateFrameworks/OTSVG.framework/Versions/A/OTSVG
0x00007fff2ebae000 	/System/Library/Frameworks/ApplicationServices.framework/Versions/A/Frameworks/ATS.framework/Versions/A/Resources/libFontRegistry.dylib
0x00007fff4d24f000 	/System/Library/PrivateFrameworks/FontServices.framework/libhvf.dylib
0x00007fff3a8f6000 	/System/Library/Frameworks/OpenGL.framework/Versions/A/Libraries/libGFXShared.dylib
0x00007fff3aad4000 	/System/Library/Frameworks/OpenGL.framework/Versions/A/Libraries/libGLU.dylib
0x00007fff3a8ff000 	/System/Library/Frameworks/OpenGL.framework/Versions/A/Libraries/libGL.dylib
0x00007fff3a90a000 	/System/Library/Frameworks/OpenGL.framework/Versions/A/Libraries/libGLImage.dylib
0x00007fff3a8e8000 	/System/Library/Frameworks/OpenGL.framework/Versions/A/Libraries/libCVMSPluginSupport.dylib
0x00007fff3a8f1000 	/System/Library/Frameworks/OpenGL.framework/Versions/A/Libraries/libCoreVMClient.dylib
0x00007fff69170000 	/usr/lib/libncurses.5.4.dylib
0x00007fff2eaaa000 	/System/Library/Frameworks/ApplicationServices.framework/Versions/A/Frameworks/ATS.framework/Versions/A/ATS
0x00007fff2ec77000 	/System/Library/Frameworks/ApplicationServices.framework/Versions/A/Frameworks/ColorSyncLegacy.framework/Versions/A/ColorSyncLegacy
0x00007fff2ed15000 	/System/Library/Frameworks/ApplicationServices.framework/Versions/A/Frameworks/HIServices.framework/Versions/A/HIServices
0x00007fff2ed6d000 	/System/Library/Frameworks/ApplicationServices.framework/Versions/A/Frameworks/LangAnalysis.framework/Versions/A/LangAnalysis
0x00007fff2ed7c000 	/System/Library/Frameworks/ApplicationServices.framework/Versions/A/Frameworks/PrintCore.framework/Versions/A/PrintCore
0x00007fff2edc2000 	/System/Library/Frameworks/ApplicationServices.framework/Versions/A/Frameworks/QD.framework/Versions/A/QD
0x00007fff2edcd000 	/System/Library/Frameworks/ApplicationServices.framework/Versions/A/Frameworks/SpeechSynthesis.framework/Versions/A/SpeechSynthesis
0x00007fff2ec47000 	/System/Library/Frameworks/ApplicationServices.framework/Versions/A/Frameworks/ATSUI.framework/Versions/A/ATSUI
0x00007fff685b2000 	/usr/lib/libcups.2.dylib
0x00007fff35381000 	/System/Library/Frameworks/Kerberos.framework/Versions/A/Kerberos
0x00007fff334c2000 	/System/Library/Frameworks/GSS.framework/Versions/A/GSS
0x00007fff698f1000 	/usr/lib/libresolv.9.dylib
0x00007fff53419000 	/System/Library/PrivateFrameworks/Heimdal.framework/Versions/A/Heimdal
0x00007fff35394000 	/System/Library/Frameworks/Kerberos.framework/Versions/A/Libraries/libHeimdalProxy.dylib
0x00007fff6875b000 	/usr/lib/libheimdal-asn1.dylib
0x00007fff47761000 	/System/Library/PrivateFrameworks/CommonAuth.framework/Versions/A/CommonAuth
0x00007fff449f0000 	/System/Library/PrivateFrameworks/AssertionServices.framework/Versions/A/AssertionServices
0x00007fff45592000 	/System/Library/PrivateFrameworks/AudioToolboxCore.framework/Versions/A/AudioToolboxCore
0x00007fff6457c000 	/System/Library/PrivateFrameworks/caulk.framework/Versions/A/caulk
0x00007fff45b5b000 	/System/Library/PrivateFrameworks/BaseBoard.framework/Versions/A/BaseBoard
0x00007fff5cbe7000 	/System/Library/PrivateFrameworks/RunningBoardServices.framework/Versions/A/RunningBoardServices
0x00007fff59bfb000 	/System/Library/PrivateFrameworks/PersistentConnection.framework/Versions/A/PersistentConnection
0x00007fff5c5e1000 	/System/Library/PrivateFrameworks/ProtocolBuffer.framework/Versions/A/ProtocolBuffer
0x00007fff47785000 	/System/Library/PrivateFrameworks/CommonUtilities.framework/Versions/A/CommonUtilities
0x00007fff45ce9000 	/System/Library/PrivateFrameworks/Bom.framework/Versions/A/Bom
0x00007fff673ad000 	/usr/lib/libAudioToolboxUtility.dylib
0x00007fff45ab9000 	/System/Library/PrivateFrameworks/Backup.framework/Versions/A/Backup
0x00007fff4a840000 	/System/Library/PrivateFrameworks/CrashReporterSupport.framework/Versions/A/CrashReporterSupport
0x00007fff5e675000 	/System/Library/PrivateFrameworks/Sharing.framework/Versions/A/Sharing
0x00007fff43fff000 	/System/Library/PrivateFrameworks/Apple80211.framework/Versions/A/Apple80211
0x00007fff457d6000 	/System/Library/PrivateFrameworks/AuthKit.framework/Versions/A/AuthKit
0x00007fff4a550000 	/System/Library/PrivateFrameworks/CoreUtils.framework/Versions/A/CoreUtils
0x00007fff32a31000 	/System/Library/Frameworks/CoreWLAN.framework/Versions/A/CoreWLAN
0x00007fff3364f000 	/System/Library/Frameworks/IOBluetooth.framework/Versions/A/IOBluetooth
0x00007fff577d7000 	/System/Library/PrivateFrameworks/MobileKeyBag.framework/Versions/A/MobileKeyBag
0x00007fff49356000 	/System/Library/PrivateFrameworks/CorePhoneNumbers.framework/Versions/A/CorePhoneNumbers
0x00007fff443ef000 	/System/Library/PrivateFrameworks/AppleIDAuthSupport.framework/Versions/A/AppleIDAuthSupport
0x00007fff37379000 	/System/Library/Frameworks/Network.framework/Versions/A/Network
0x00007fff55ea8000 	/System/Library/PrivateFrameworks/KeychainCircle.framework/Versions/A/KeychainCircle
0x00007fff3048a000 	/System/Library/Frameworks/CoreBluetooth.framework/Versions/A/CoreBluetooth
0x00007fff606f2000 	/System/Library/PrivateFrameworks/SpeechRecognitionCore.framework/Versions/A/SpeechRecognitionCore
0x0000000100a00000 	/Applications/Android Studio.app/Contents/jre/jdk/Contents/Home/jre/lib/server/libjvm.dylib
0x00007fff69c73000 	/usr/lib/libstdc++.6.dylib
0x00000001000dd000 	/Applications/Android Studio.app/Contents/jre/jdk/Contents/Home/jre/lib/libverify.dylib
0x00000001000ee000 	/Applications/Android Studio.app/Contents/jre/jdk/Contents/Home/jre/lib/libjava.dylib
0x0000000100182000 	/Applications/Android Studio.app/Contents/jre/jdk/Contents/Home/jre/lib/libzip.dylib
0x0000000118103000 	/Applications/Android Studio.app/Contents/jre/jdk/Contents/Home/jre/lib/libnet.dylib
0x00000001181d4000 	/Applications/Android Studio.app/Contents/jre/jdk/Contents/Home/jre/lib/libnio.dylib
0x0000000108a4e000 	/Users/mac/.gradle/native/30/osx-amd64/libnative-platform.dylib
0x00000001185f7000 	/Applications/Android Studio.app/Contents/jre/jdk/Contents/Home/jre/lib/libmanagement.dylib
0x0000000119cdd000 	/Applications/Android Studio.app/Contents/jre/jdk/Contents/Home/jre/lib/libawt.dylib
0x0000000119fd1000 	/Applications/Android Studio.app/Contents/jre/jdk/Contents/Home/jre/lib/libmlib_image.dylib
0x00007fff3536a000 	/System/Library/Frameworks/JavaVM.framework/Versions/A/Frameworks/JavaNativeFoundation.framework/Versions/A/JavaNativeFoundation
0x00007fff35373000 	/System/Library/Frameworks/JavaVM.framework/Versions/A/Frameworks/JavaRuntimeSupport.framework/Versions/A/JavaRuntimeSupport
0x00007fff3537c000 	/System/Library/Frameworks/JavaVM.framework/Versions/A/JavaVM
0x00007fff55cbf000 	/System/Library/PrivateFrameworks/JavaLaunching.framework/Versions/A/JavaLaunching
0x00007fff2f65b000 	/System/Library/Frameworks/Carbon.framework/Versions/A/Carbon
0x00007fff4a2f5000 	/System/Library/PrivateFrameworks/CoreSymbolication.framework/Versions/A/CoreSymbolication
0x00007fff2f65c000 	/System/Library/Frameworks/Carbon.framework/Versions/A/Frameworks/CommonPanels.framework/Versions/A/CommonPanels
0x00007fff2f955000 	/System/Library/Frameworks/Carbon.framework/Versions/A/Frameworks/Help.framework/Versions/A/Help
0x00007fff2f959000 	/System/Library/Frameworks/Carbon.framework/Versions/A/Frameworks/ImageCapture.framework/Versions/A/ImageCapture
0x00007fff2f960000 	/System/Library/Frameworks/Carbon.framework/Versions/A/Frameworks/OpenScripting.framework/Versions/A/OpenScripting
0x00007fff2f95f000 	/System/Library/Frameworks/Carbon.framework/Versions/A/Frameworks/Ink.framework/Versions/A/Ink
0x00007fff2f99b000 	/System/Library/Frameworks/Carbon.framework/Versions/A/Frameworks/Print.framework/Versions/A/Print
0x00007fff2f99c000 	/System/Library/Frameworks/Carbon.framework/Versions/A/Frameworks/SecurityHI.framework/Versions/A/SecurityHI
0x00007fff4aa74000 	/System/Library/PrivateFrameworks/DebugSymbols.framework/Versions/A/DebugSymbols
0x000000011b81e000 	/Applications/Android Studio.app/Contents/jre/jdk/Contents/Home/jre/lib/libawt_lwawt.dylib
0x0000000118bf5000 	/Applications/Android Studio.app/Contents/jre/jdk/Contents/Home/jre/lib/libosxapp.dylib
0x00007fff32f2e000 	/System/Library/Frameworks/ExceptionHandling.framework/Versions/A/ExceptionHandling
0x00007fff56975000 	/System/Library/PrivateFrameworks/MallocStackLogging.framework/Versions/A/MallocStackLogging

VM Arguments:
jvm_args: -Xmx1536m -Dfile.encoding=UTF-8 -Duser.country=CN -Duser.language=en -Duser.variant 
java_command: org.gradle.launcher.daemon.bootstrap.GradleDaemon 5.6.4
java_class_path (initial): /Users/mac/.gradle/wrapper/dists/gradle-5.6.4-all/ankdp27end7byghfw1q2sw75f/gradle-5.6.4/lib/gradle-launcher-5.6.4.jar
Launcher Type: SUN_STANDARD

Environment Variables:
PATH=/usr/local/bin:/usr/bin:/bin:/usr/sbin:/sbin
SHELL=/bin/bash

Signal Handlers:
SIGSEGV: [libjvm.dylib+0x5609d5], sa_mask[0]=11111111011111110111111111111111, sa_flags=SA_ONSTACK|SA_RESTART|SA_SIGINFO
SIGBUS: [libjvm.dylib+0x5609d5], sa_mask[0]=11111111011111110111111111111111, sa_flags=SA_RESTART|SA_SIGINFO
SIGFPE: [libjvm.dylib+0x458695], sa_mask[0]=11111111011111110111111111111111, sa_flags=SA_RESTART|SA_SIGINFO
SIGPIPE: [libjvm.dylib+0x458695], sa_mask[0]=11111111011111110111111111111111, sa_flags=SA_RESTART|SA_SIGINFO
SIGXFSZ: [libjvm.dylib+0x458695], sa_mask[0]=11111111011111110111111111111111, sa_flags=SA_RESTART|SA_SIGINFO
SIGILL: [libjvm.dylib+0x458695], sa_mask[0]=11111111011111110111111111111111, sa_flags=SA_RESTART|SA_SIGINFO
SIGUSR1: SIG_DFL, sa_mask[0]=00000000000000000000000000000000, sa_flags=none
SIGUSR2: [libjvm.dylib+0x458f94], sa_mask[0]=00100000000000000000000000000000, sa_flags=SA_RESTART|SA_SIGINFO
SIGHUP: [libjvm.dylib+0x4571b9], sa_mask[0]=11111111011111110111111111111111, sa_flags=SA_RESTART|SA_SIGINFO
SIGINT: [libjvm.dylib+0x4571b9], sa_mask[0]=11111111011111110111111111111111, sa_flags=SA_RESTART|SA_SIGINFO
SIGTERM: [libjvm.dylib+0x4571b9], sa_mask[0]=11111111011111110111111111111111, sa_flags=SA_RESTART|SA_SIGINFO
SIGQUIT: [libjvm.dylib+0x4571b9], sa_mask[0]=11111111011111110111111111111111, sa_flags=SA_RESTART|SA_SIGINFO


---------------  S Y S T E M  ---------------

OS:Bsduname:Darwin 19.4.0 Darwin Kernel Version 19.4.0: Wed Mar  4 22:28:40 PST 2020; root:xnu-6153.101.6~15/RELEASE_X86_64 x86_64
rlimit: STACK 8192k, CORE 0k, NPROC 1392, NOFILE 10240, AS infinity
load average:11.06 8.61 6.92

CPU:total 4 (initial active 4) (2 cores per cpu, 2 threads per core) family 6 model 69 stepping 1, cmov, cx8, fxsr, mmx, sse, sse2, sse3, ssse3, sse4.1, sse4.2, popcnt, avx, avx2, aes, clmul, erms, lzcnt, ht, tsc, tscinvbit, bmi1, bmi2

Memory: 4k page, physical 4194304k(28940k free)

/proc/meminfo:


vm_info: OpenJDK 64-Bit Server VM (25.212-b4-5784211) for bsd-amd64 JRE (1.8.0_212-release-1586-b4-5784211), built by "android-build" with gcc 4.2.1 Compatible Android (5657785 based on r353983d) Clang 9.0.4 (https://android.googlesource.com/toolchain/llvm-project 2a90cc9d899e6fe6dcf0da193244b25f75735c7b)

time: Sat May 16 21:48:48 2020
timezone: +06
elapsed time: 7172 seconds (0d 1h 59m 32s)

